Method 'SystemVoidCosmosSystemKernelStart', ID = '0'
Method 'SystemVoidCosmosIL2CPURuntimeEngineInitializeApplication', ID = '1'
Method 'SystemVoidCosmosIL2CPURuntimeEngineFinalizeApplicationSystemInt32', ID = '2'
Method 'SystemBooleanCosmosIL2CPUVTablesImplIsInstanceSystemUInt32SystemUInt32SystemBoolean', ID = '3'
Method 'SystemVoidCosmosIL2CPUVTablesImplSetTypeInfoSystemInt32SystemUInt32SystemUInt32SystemUInt32arraySystemUInt32SystemUInt32arraySystemUInt32arraySystemUInt32SystemUInt32arraySystemUInt32array', ID = '4'
Method 'SystemVoidCosmosIL2CPUVTablesImplSetInterfaceInfoSystemInt32SystemInt32SystemUInt32', ID = '5'
Method 'SystemVoidCosmosIL2CPUVTablesImplSetMethodInfoSystemInt32SystemInt32SystemUInt32SystemUInt32', ID = '6'
Method 'SystemVoidCosmosIL2CPUVTablesImplSetInterfaceMethodInfoSystemInt32SystemInt32SystemUInt32SystemUInt32', ID = '7'
Method 'SystemUInt32CosmosIL2CPUVTablesImplGetMethodAddressForTypeSystemUInt32SystemUInt32', ID = '8'
Method 'SystemUInt32CosmosIL2CPUVTablesImplGetMethodAddressForInterfaceTypeSystemUInt32SystemUInt32', ID = '9'
Method 'SystemVoidCosmosIL2CPUExceptionHelperThrowNotImplementedSystemString', ID = '13'
Method 'SystemVoidCosmosIL2CPUExceptionHelperThrowOverflow', ID = '14'
Method 'SystemVoidCosmosIL2CPUExceptionHelperThrowInvalidOperationSystemString', ID = '15'
Method 'SystemVoidCosmosIL2CPUExceptionHelperThrowArgumentOutOfRangeSystemString', ID = '16'
Method 'SystemVoidSystemArrayctor', ID = '18'
Method 'SystemDelegatearraySystemMulticastDelegateGetInvocationList', ID = '19'
Method 'SystemVoidCosmosIL2CPUExceptionHelperThrowInvalidCastException', ID = '21'
Method 'SystemVoidCosmosIL2CPUExceptionHelperThrowNotFiniteNumberExceptionSystemDouble', ID = '22'
Method 'SystemVoidCosmosIL2CPUExceptionHelperThrowDivideByZeroException', ID = '23'
Method 'SystemVoidCosmosIL2CPUExceptionHelperThrowIndexOutOfRangeException', ID = '24'
Method 'SystemVoidHypatiaKernelctor', ID = '25'
Method 'SystemVoidCosmosDebugKernelDebuggerSendSystemString', ID = '30'
Method 'SystemVoidCosmosHALBootstrapInit', ID = '34'
Method 'CosmosHALTextScreenBaseCosmosSystemKernelGetTextScreen', ID = '35'
Method 'SystemVoidCosmosSystemGlobalInitCosmosHALTextScreenBase', ID = '36'
Method 'SystemVoidCosmosSystemKernelBeforeRun', ID = '37'
Method 'SystemVoidCosmosHALGlobalEnableInterrupts', ID = '38'
Method 'SystemVoidCosmosSystemKernelAfterRun', ID = '40'
Method 'SystemVoidCosmosIL2CPURuntimeEngineInitializeEngine', ID = '44'
Method 'SystemVoidCosmosIL2CPURuntimeEngineHeap_Initialize', ID = '45'
Method 'SystemVoidCosmosIL2CPURuntimeEngineFinalizeEngine', ID = '47'
Method 'SystemVoidCosmosIL2CPURuntimeEngineExitProcessSystemInt32', ID = '48'
Method 'SystemVoidCosmosIL2CPUVTablesImplDebugSystemString', ID = '54'
Method 'SystemVoidCosmosIL2CPUVTablesImplDebugHexSystemStringSystemUInt32', ID = '55'
Method 'SystemVoidCosmosIL2CPUVTablesImplDebugAndHaltSystemString', ID = '57'
Method 'SystemVoidCosmosDebugKernelPlugsAsmDebuggerAsmSendKernelPanicSystemUInt32', ID = '59'
Method 'SystemVoidCosmosCore_PlugsGCImplementionImplIncRefCountSystemUInt32', ID = '61'
Method 'SystemVoidCosmosCore_PlugsGCImplementionImplDecRefCountSystemUInt32', ID = '62'
Method 'SystemUInt32CosmosCore_PlugsGCImplementionImplAllocNewObjectSystemUInt32', ID = '63'
Method 'SystemVoidSystemNotImplementedExceptionctorSystemString', ID = '65'
Method 'SystemVoidSystemOverflowExceptionctorSystemString', ID = '66'
Method 'SystemVoidSystemInvalidOperationExceptionctorSystemString', ID = '67'
Method 'SystemVoidSystemArgumentOutOfRangeExceptionctorSystemString', ID = '68'
Method 'SystemDelegatearraySystemDelegateGetInvocationList', ID = '79'
Method 'SystemInt32SystemIntPtrop_ExplicitSystemIntPtr', ID = '82'
Method 'SystemVoidSystemInvalidCastExceptionctor', ID = '83'
Method 'SystemVoidSystemNotFiniteNumberExceptionctorSystemDouble', ID = '85'
Method 'SystemVoidSystemDivideByZeroExceptionctor', ID = '86'
Method 'SystemVoidSystemIndexOutOfRangeExceptionctor', ID = '87'
Method 'SystemVoidCosmosSystemKernelctor', ID = '89'
Method 'SystemVoidCosmosSystemGlobalcctor', ID = '91'
Method 'SystemVoidCosmosCore_PlugsSystemExceptionImplCtorSystemString', ID = '95'
Method 'SystemVoidCosmosCoreBootstrapInit', ID = '102'
Method 'SystemVoidCosmosSystemConsolectorCosmosHALTextScreenBase', ID = '104'
Method 'SystemVoidCosmosHALGlobalInitCosmosHALTextScreenBase', ID = '106'
Method 'SystemVoidCosmosSystemGlobalset_NumLockSystemBoolean', ID = '107'
Method 'SystemVoidCosmosSystemGlobalset_CapsLockSystemBoolean', ID = '108'
Method 'SystemVoidCosmosSystemGlobalset_ScrollLockSystemBoolean', ID = '109'
Method 'SystemVoidHypatiaKernelBeforeRun', ID = '110'
Method 'SystemVoidCosmosCoreCPUEnableInterrupts', ID = '112'
Method 'SystemVoidHypatiaKernelRun', ID = '113'
Method 'SystemVoidCosmosSystem_PlugsSystemConsoleImplWriteLineSystemString', ID = '115'
Method 'SystemStringSystemValueTypeToString', ID = '116'
Method 'SystemStringSystemStringToString', ID = '117'
Method 'SystemStringSystemBooleanToString', ID = '120'
Method 'SystemStringCosmosCore_PlugsSystemObjectImplToString', ID = '123'
Method 'SystemVoidCosmosIL2CPURuntimeEnginecctor', ID = '124'
Method 'SystemVoidSystemBooleancctor', ID = '130'
Method 'SystemVoidCosmosIL2CPUVTablesImplcctor', ID = '133'
Method 'SystemVoidCosmosDebugKernelDebuggerSendNumberSystemUInt32', ID = '135'
Method 'SystemVoidCosmosCoreMemoryOldGlobalSystemInfoEnsureInitialized', ID = '143'
Method 'SystemUInt32CosmosCoreMemoryOldHeapMemAllocSystemUInt32', ID = '144'
Method 'SystemVoidSystemSystemExceptionctorSystemString', ID = '146'
Method 'SystemVoidSystemExceptionset_HResultSystemInt32', ID = '147'
Method 'SystemVoidSystemArithmeticExceptionctorSystemString', ID = '149'
Method 'SystemStringSystemSRget_Arg_ArgumentOutOfRangeException', ID = '152'
Method 'SystemVoidSystemArgumentExceptionctorSystemStringSystemString', ID = '153'
Method 'SystemVoidCosmosCore_PlugsSystemObjectImplCtor', ID = '154'
Method 'SystemStringSystemSRget_Arg_InvalidCastException', ID = '168'
Method 'SystemVoidSystemDoublecctor', ID = '169'
Method 'SystemVoidSystemArithmeticExceptionctor', ID = '173'
Method 'SystemStringSystemSRget_Arg_DivideByZero', ID = '175'
Method 'SystemStringSystemSRget_Arg_IndexOutOfRangeException', ID = '177'
Method 'SystemVoidCosmosDebugKernelDebuggerctorSystemStringSystemString', ID = '178'
Method 'SystemVoidCosmosDebugKernelPlugsAsmDebuggerAsmDoSendSystemString', ID = '180'
Method 'SystemVoidSystemExceptioncctor', ID = '181'
Method 'SystemVoidCosmosCoreINTsDummy', ID = '185'
Method 'SystemVoidCosmosCorePICctor', ID = '186'
Method 'SystemVoidCosmosHALTextScreenctor', ID = '194'
Method 'SystemVoidCosmosCoreGlobalInit', ID = '197'
Method 'SystemVoidCosmosHALPCISetup', ID = '198'
Method 'SystemVoidCosmosCoreACPIStartSystemBooleanSystemBoolean', ID = '199'
Method 'SystemVoidCosmosHALPS2ControllerInitialize', ID = '201'
Method 'SystemVoidCosmosHALBlockDeviceIDEInitDriver', ID = '202'
Method 'SystemVoidCosmosHALBlockDeviceAHCIInitDriver', ID = '203'
Method 'SystemVoidCosmosSystemKeyboardManagerset_NumLockSystemBoolean', ID = '204'
Method 'SystemVoidCosmosSystemKeyboardManagerset_CapsLockSystemBoolean', ID = '205'
Method 'SystemVoidCosmosSystemKeyboardManagerset_ScrollLockSystemBoolean', ID = '206'
Method 'SystemVoidHypatiaCommandRegistrarRegister', ID = '207'
Method 'SystemVoidCosmosHALGlobalcctor', ID = '208'
Method 'SystemVoidHypatiaCommandRegistrarHandleCmdSystemString', ID = '213'
Method 'SystemVoidSystemConsolecctor', ID = '214'
Method 'SystemStringSystemEnvironmentget_NewLine', ID = '216'
Method 'SystemStringSystemStringConcatSystemStringSystemString', ID = '217'
Method 'SystemVoidCosmosSystem_PlugsSystemConsoleImplWriteSystemString', ID = '218'
Method 'SystemStringCosmosSystem_PlugsSystemInt32ImplToString', ID = '220'
Method 'SystemStringCosmosSystem_PlugsSystemUInt32ImplToString', ID = '221'
Method 'SystemStringCosmosSystem_PlugsSystemDoubleImplToString', ID = '222'
Method 'SystemStringCosmosCore_PlugsSystemExceptionImplToString', ID = '223'
Method 'SystemUInt32CosmosCoreMemoryOldGlobalSystemInfoget_TotalDataLookupTableSize', ID = '235'
Method 'SystemBooleanCosmosCoreCPUDisableInterrupts', ID = '239'
Method 'SystemVoidCosmosCoreMemoryOldHeapEnsureIsInitialized', ID = '240'
Method 'CosmosCoreMemoryOldGlobalInformationTablepointerCosmosCoreMemoryOldGlobalSystemInfoget_GlobalInformationTable', ID = '241'
Method 'SystemBooleanCosmosCoreMemoryOldHeapScanDataLookupTableCosmosCoreMemoryOldDataLookupTablepointerSystemUInt32SystemUInt32', ID = '243'
Method 'CosmosCoreMemoryOldDataLookupEntrypointerCosmosCoreMemoryOldDataLookupTableGetEntrySystemUInt32', ID = '246'
Method 'SystemVoidCosmosCoreMemoryOldHeapClearMemorySystemVoidpointerSystemUInt32', ID = '248'
Method 'SystemStringSystemSRGetResourceStringSystemStringSystemString', ID = '253'
Method 'SystemDoubleSystemBitConverterInt64BitsToDoubleSystemInt64', ID = '256'
Method 'SystemStringSystemSRget_Arg_ArithmeticException', ID = '258'
Method 'SystemVoidCosmosCoreBootstrapcctor', ID = '260'
Method 'SystemVoidCosmosCoreINTsHandleInterrupt_DefaultCosmosCoreINTsIRQContext', ID = '263'
Method 'SystemVoidCosmosCoreINTsHandleInterrupt_00CosmosCoreINTsIRQContext', ID = '264'
Method 'SystemVoidCosmosCoreINTsHandleInterrupt_01CosmosCoreINTsIRQContext', ID = '265'
Method 'SystemVoidCosmosCoreINTsHandleInterrupt_02CosmosCoreINTsIRQContext', ID = '266'
Method 'SystemVoidCosmosCoreINTsHandleInterrupt_03CosmosCoreINTsIRQContext', ID = '267'
Method 'SystemVoidCosmosCoreINTsHandleInterrupt_04CosmosCoreINTsIRQContext', ID = '268'
Method 'SystemVoidCosmosCoreINTsHandleInterrupt_05CosmosCoreINTsIRQContext', ID = '269'
Method 'SystemVoidCosmosCoreINTsHandleInterrupt_06CosmosCoreINTsIRQContext', ID = '270'
Method 'SystemVoidCosmosCoreINTsHandleInterrupt_07CosmosCoreINTsIRQContext', ID = '271'
Method 'SystemVoidCosmosCoreINTsHandleInterrupt_08CosmosCoreINTsIRQContext', ID = '272'
Method 'SystemVoidCosmosCoreINTsHandleInterrupt_09CosmosCoreINTsIRQContext', ID = '273'
Method 'SystemVoidCosmosCoreINTsHandleInterrupt_0ACosmosCoreINTsIRQContext', ID = '274'
Method 'SystemVoidCosmosCoreINTsHandleInterrupt_0BCosmosCoreINTsIRQContext', ID = '275'
Method 'SystemVoidCosmosCoreINTsHandleInterrupt_0CCosmosCoreINTsIRQContext', ID = '276'
Method 'SystemVoidCosmosCoreINTsHandleInterrupt_0DCosmosCoreINTsIRQContext', ID = '277'
Method 'SystemVoidCosmosCoreINTsHandleInterrupt_0ECosmosCoreINTsIRQContext', ID = '278'
Method 'SystemVoidCosmosCoreINTsHandleInterrupt_0FCosmosCoreINTsIRQContext', ID = '279'
Method 'SystemVoidCosmosCoreINTsHandleInterrupt_10CosmosCoreINTsIRQContext', ID = '280'
Method 'SystemVoidCosmosCoreINTsHandleInterrupt_11CosmosCoreINTsIRQContext', ID = '281'
Method 'SystemVoidCosmosCoreINTsHandleInterrupt_12CosmosCoreINTsIRQContext', ID = '282'
Method 'SystemVoidCosmosCoreINTsHandleInterrupt_13CosmosCoreINTsIRQContext', ID = '283'
Method 'SystemVoidCosmosCoreINTsHandleInterrupt_20CosmosCoreINTsIRQContext', ID = '284'
Method 'SystemVoidCosmosCoreINTsHandleInterrupt_21CosmosCoreINTsIRQContext', ID = '285'
Method 'SystemVoidCosmosCoreINTsHandleInterrupt_22CosmosCoreINTsIRQContext', ID = '286'
Method 'SystemVoidCosmosCoreINTsHandleInterrupt_23CosmosCoreINTsIRQContext', ID = '287'
Method 'SystemVoidCosmosCoreINTsHandleInterrupt_24CosmosCoreINTsIRQContext', ID = '288'
Method 'SystemVoidCosmosCoreINTsHandleInterrupt_25CosmosCoreINTsIRQContext', ID = '289'
Method 'SystemVoidCosmosCoreINTsHandleInterrupt_26CosmosCoreINTsIRQContext', ID = '290'
Method 'SystemVoidCosmosCoreINTsHandleInterrupt_27CosmosCoreINTsIRQContext', ID = '291'
Method 'SystemVoidCosmosCoreINTsHandleInterrupt_28CosmosCoreINTsIRQContext', ID = '292'
Method 'SystemVoidCosmosCoreINTsHandleInterrupt_29CosmosCoreINTsIRQContext', ID = '293'
Method 'SystemVoidCosmosCoreINTsHandleInterrupt_2ACosmosCoreINTsIRQContext', ID = '294'
Method 'SystemVoidCosmosCoreINTsHandleInterrupt_2BCosmosCoreINTsIRQContext', ID = '295'
Method 'SystemVoidCosmosCoreINTsHandleInterrupt_2CCosmosCoreINTsIRQContext', ID = '296'
Method 'SystemVoidCosmosCoreINTsHandleInterrupt_2DCosmosCoreINTsIRQContext', ID = '297'
Method 'SystemVoidCosmosCoreINTsHandleInterrupt_2ECosmosCoreINTsIRQContext', ID = '298'
Method 'SystemVoidCosmosCoreINTsHandleInterrupt_2FCosmosCoreINTsIRQContext', ID = '299'
Method 'SystemVoidCosmosCoreINTsHandleInterrupt_30CosmosCoreINTsIRQContext', ID = '300'
Method 'SystemVoidCosmosCoreINTsHandleInterrupt_35CosmosCoreINTsIRQContext', ID = '301'
Method 'SystemVoidCosmosCoreINTsHandleInterrupt_40CosmosCoreINTsIRQContext', ID = '302'
Method 'SystemVoidCosmosCoreINTsHandleInterrupt_41CosmosCoreINTsIRQContext', ID = '303'
Method 'SystemVoidCosmosCoreINTsHandleInterrupt_42CosmosCoreINTsIRQContext', ID = '304'
Method 'SystemVoidCosmosCoreINTsHandleInterrupt_43CosmosCoreINTsIRQContext', ID = '305'
Method 'SystemVoidCosmosCoreINTsHandleInterrupt_44CosmosCoreINTsIRQContext', ID = '306'
Method 'SystemVoidCosmosCoreINTsHandleInterrupt_45CosmosCoreINTsIRQContext', ID = '307'
Method 'SystemVoidCosmosCoreINTsHandleInterrupt_46CosmosCoreINTsIRQContext', ID = '308'
Method 'SystemVoidCosmosCoreINTsHandleInterrupt_47CosmosCoreINTsIRQContext', ID = '309'
Method 'SystemVoidCosmosCoreINTsHandleInterrupt_48CosmosCoreINTsIRQContext', ID = '310'
Method 'SystemVoidCosmosCoreINTsHandleInterrupt_49CosmosCoreINTsIRQContext', ID = '311'
Method 'SystemVoidCosmosCoreIOGroupPICctorSystemBoolean', ID = '313'
Method 'SystemVoidCosmosCorePICRemapSystemByteSystemByteSystemByteSystemByte', ID = '314'
Method 'SystemVoidCosmosCore_AsmCPUImplUpdateIDTSystemBoolean', ID = '315'
Method 'SystemVoidCosmosCore_AsmCPUImplInitSSE', ID = '316'
Method 'SystemVoidCosmosCore_AsmCPUImplInitFloat', ID = '317'
Method 'SystemVoidCosmosCoreIOGroupTextScreenctor', ID = '319'
Method 'SystemVoidCosmosHALTextScreenBasector', ID = '320'
Method 'SystemVoidSystemCollectionsGenericList1CosmosHALPCIDevicector', ID = '330'
Method 'SystemUInt16CosmosHALPCIDeviceGetHeaderTypeSystemUInt16SystemUInt16SystemUInt16', ID = '332'
Method 'SystemVoidCosmosHALPCICheckBusSystemUInt16', ID = '333'
Method 'SystemUInt16CosmosHALPCIDeviceGetVendorIDSystemUInt16SystemUInt16SystemUInt16', ID = '334'
Method 'SystemBooleanCosmosCoreACPIInit', ID = '336'
Method 'SystemVoidCosmosCoreACPIEnable', ID = '337'
Method 'SystemVoidCosmosHALPS2ControllerSendCommandCosmosHALPS2ControllerCommandSystemNullable1SystemByte', ID = '340'
Method 'SystemByteCosmosHALPS2ControllerReadData', ID = '341'
Method 'SystemBooleanCosmosHALPS2ControllerWaitToReadData', ID = '342'
Method 'SystemVoidSystemNullable1SystemBytectorSystemByte', ID = '343'
Method 'SystemBooleanCosmosHALPS2ControllerTestPortSystemByte', ID = '344'
Method 'SystemVoidCosmosHALPS2ControllerIdentifyDeviceSystemByteCosmosHALDevice', ID = '345'
Method 'SystemVoidCosmosHALBlockDeviceIDEInitializeCosmosHALBlockDeviceAtaControllerIdEnumCosmosHALBlockDeviceAtaBusPositionEnum', ID = '348'
Method 'SystemVoidCosmosHALBlockDeviceAHCIctorCosmosHALPCIDevice', ID = '351'
Method 'SystemVoidHypatiaListBehaviorctor', ID = '358'
Method 'SystemVoidHypatiaCommandctorSystemStringSystemStringHypatiaBehaviorarray', ID = '359'
Method 'HypatiaCommandHypatiaCommandRegistrarSetUpInfoCmd', ID = '361'
Method 'HypatiaCommandHypatiaCommandRegistrarSetUpRebootCmd', ID = '363'
Method 'HypatiaCommandHypatiaCommandRegistrarSetUpStartGfxCmd', ID = '365'
Method 'SystemVoidSystemCollectionsGenericList1HypatiaCommandAddHypatiaCommand', ID = '368'
Method 'SystemStringarrayHypatiaCommandRegistrarGetTextOfCommands', ID = '369'
Method 'SystemVoidHypatiaListBehaviorctorSystemStringarray', ID = '370'
Method 'SystemVoidHypatiaCommandSetBehaviorAtSystemInt32HypatiaBehavior', ID = '371'
Method 'SystemVoidCosmosHALPITctor', ID = '372'
Method 'SystemVoidCosmosHALPS2Controllerctor', ID = '374'
Method 'SystemVoidCosmosCore_AsmCPUImplDoEnableInterrupts', ID = '375'
Method 'SystemStringCosmosSystem_PlugsSystemConsoleImplReadLine', ID = '376'
Method 'SystemCollectionsGenericList1EnumeratorHypatiaCommandSystemCollectionsGenericList1HypatiaCommandGetEnumerator', ID = '377'
Method 'HypatiaCommandSystemCollectionsGenericList1EnumeratorHypatiaCommandget_Current', ID = '378'
Method 'SystemStringHypatiaCommandget_Name', ID = '379'
Method 'SystemBooleanSystemStringop_EqualitySystemStringSystemString', ID = '380'
Method 'SystemVoidHypatiaCommandExecuteBehaviors', ID = '381'
Method 'SystemBooleanSystemCollectionsGenericList1EnumeratorHypatiaCommandMoveNext', ID = '382'
Method 'SystemVoidCosmosSystem_PlugsSystemConsoleImplcctor', ID = '388'
Method 'SystemBooleanSystemStringIsNullOrEmptySystemString', ID = '390'
Method 'SystemVoidSystemStringFillStringCheckedSystemStringSystemInt32SystemString', ID = '393'
Method 'CosmosSystemConsoleCosmosSystem_PlugsSystemConsoleImplGetConsole', ID = '394'
Method 'SystemBytearraySystemTextEncodingGetBytesSystemString', ID = '396'
Method 'SystemVoidCosmosSystemConsoleWriteSystemBytearray', ID = '397'
Method 'SystemTypeCosmosCore_PlugsSystemObjectImplGetType', ID = '399'
Method 'SystemStringCosmosCommonStringHelperGetNumberStringSystemInt32', ID = '402'
Method 'SystemStringCosmosCommonStringHelperGetNumberStringSystemUInt32', ID = '405'
Method 'SystemStringCosmosCommonStringHelperGetNumberStringSystemDouble', ID = '408'
Method 'SystemVoidCosmosCore_PlugsSystemObjectImplcctor', ID = '410'
Method 'SystemVoidCosmosDebugKernelPlugsAsmDebuggerAsmDoSendNumberSystemUInt32', ID = '411'
Method 'SystemUInt32CosmosCore_AsmCPUImplGetEndOfKernel', ID = '412'
Method 'SystemVoidCosmosCore_AsmCPUImplZeroFillSystemUInt32SystemUInt32', ID = '413'
Method 'SystemVoidCosmosCoreMemoryOldHeapcctor', ID = '414'
Method 'SystemVoidCosmosCoreMemoryOldHeapDoInitializeSystemUInt32', ID = '418'
Method 'SystemVoidSystemSRcctor', ID = '423'
Method 'SystemStringCosmosSystem_PlugsSystemIntPtrImplToString', ID = '426'
Method 'SystemVoidCosmosCoreCPUctor', ID = '429'
Method 'SystemVoidCosmosCoreINTscctor', ID = '430'
Method 'CosmosCorePICCosmosCoreGlobalget_PIC', ID = '432'
Method 'SystemVoidCosmosCorePICEoiSlave', ID = '433'
Method 'SystemVoidCosmosCorePICEoiMaster', ID = '434'
Method 'SystemVoidCosmosCoreINTsHandleExceptionSystemUInt32SystemStringSystemStringCosmosCoreINTsIRQContextSystemUInt32', ID = '435'
Method 'SystemVoidCosmosCore_AsmDelegateImplInvoke', ID = '660'
Method 'SystemVoidCosmosCoreINTsIRQSystemUInt32CosmosCoreINTsIRQContext', ID = '439'
Method 'SystemVoidCosmosCoreIOPortctorSystemUInt16', ID = '442'
Method 'SystemVoidCosmosCoreIOGroupIOGroupctor', ID = '443'
Method 'SystemByteCosmosCoreIOPortget_Byte', ID = '445'
Method 'SystemVoidCosmosCoreIOPortset_ByteSystemByte', ID = '446'
Method 'SystemVoidCosmosCoreIOPortWait', ID = '447'
Method 'SystemVoidCosmosCoreMemoryBlockctorSystemUInt32SystemUInt32', ID = '449'
Method 'SystemVoidCosmosHALDevicector', ID = '450'
Method 'SystemVoidCosmosHALTextScreenSetColorsSystemConsoleColorSystemConsoleColor', ID = '453'
Method 'SystemUInt16CosmosHALTextScreenget_Cols', ID = '455'
Method 'SystemUInt16CosmosHALTextScreenget_Rows', ID = '456'
Method 'SystemVoidCosmosHALTextScreenSetCursorSizeSystemInt32', ID = '457'
Method 'SystemVoidCosmosHALTextScreenSetCursorVisibleSystemBoolean', ID = '458'
Method 'SystemVoidCosmosCoreGlobalcctor', ID = '459'
Method 'SystemUInt32CosmosHALPCIDeviceGetAddressBaseSystemUInt32SystemUInt32SystemUInt32', ID = '463'
Method 'SystemVoidCosmosCoreIOPortset_DWordSystemUInt32', ID = '466'
Method 'SystemUInt32CosmosCoreIOPortget_DWord', ID = '467'
Method 'SystemVoidCosmosHALPCIDevicectorSystemUInt32SystemUInt32SystemUInt32', ID = '468'
Method 'SystemVoidCosmosHALPCICheckFunctionCosmosHALPCIDevice', ID = '469'
Method 'SystemVoidCosmosCoreACPIcctor', ID = '470'
Method 'SystemUInt32CosmosCoreACPIRSDPAddress', ID = '471'
Method 'SystemInt32CosmosCoreACPIacpiCheckHeaderSystemBytepointerSystemString', ID = '472'
Method 'SystemInt32pointerCosmosCoreACPIfacpgetSystemInt32', ID = '474'
Method 'SystemInt32CosmosCoreACPICompareSystemStringSystemBytepointer', ID = '475'
Method 'SystemByteCosmosCoreACPIfacpbgetSystemInt32', ID = '479'
Method 'SystemStringSystemNullable1SystemByteToString', ID = '490'
Method 'SystemBooleanCosmosHALPS2ControllerWaitToWrite', ID = '492'
Method 'SystemVoidCosmosCoreIOPortWriteset_ByteSystemByte', ID = '494'
Method 'SystemBooleanSystemNullable1SystemByteget_HasValue', ID = '495'
Method 'SystemByteSystemNullable1SystemByteget_Value', ID = '496'
Method 'SystemByteCosmosCoreIOPortReadget_Byte', ID = '497'
Method 'SystemStringCosmosCommonExtensionsToHexStringToHexSystemByte', ID = '498'
Method 'SystemStringSystemStringConcatSystemObjectarray', ID = '499'
Method 'SystemStringSystemStringConcatSystemObjectSystemObjectSystemObject', ID = '500'
Method 'SystemVoidCosmosHALPS2ControllerSendDeviceCommandCosmosHALPS2ControllerDeviceCommandSystemBooleanSystemNullable1SystemByte', ID = '502'
Method 'SystemBooleanCosmosHALPS2ControllerReadByteAfterAckWithTimeoutSystemByte', ID = '503'
Method 'SystemVoidCosmosHALPS2MousectorSystemByteSystemByte', ID = '504'
Method 'SystemBooleanCosmosHALPS2ControllerReadDataWithTimeoutSystemByte', ID = '506'
Method 'SystemVoidCosmosHALPS2KeyboardctorSystemByte', ID = '507'
Method 'SystemVoidCosmosHALBlockDeviceIDEcctor', ID = '509'
Method 'SystemVoidCosmosHALBlockDeviceAtaPioctorCosmosCoreIOGroupATACosmosHALBlockDeviceAtaControllerIdEnumCosmosHALBlockDeviceAtaBusPositionEnum', ID = '514'
Method 'CosmosHALBlockDeviceAtaPioSpecLevelCosmosHALBlockDeviceAtaPioget_DriveType', ID = '515'
Method 'SystemVoidSystemCollectionsGenericList1CosmosHALBlockDeviceBlockDeviceAddCosmosHALBlockDeviceBlockDevice', ID = '518'
Method 'SystemVoidCosmosHALBlockDeviceMBRctorSystemBytearray', ID = '522'
Method 'SystemVoidCosmosHALBlockDeviceEBRctorSystemBytearray', ID = '524'
Method 'SystemInt32SystemCollectionsGenericList1CosmosHALBlockDeviceEBRPartInfoget_Count', ID = '526'
Method 'SystemInt32SystemCollectionsGenericList1CosmosHALBlockDeviceMBRPartInfoget_Count', ID = '527'
Method 'SystemVoidCosmosDebugKernelDebuggerSendNumberSystemInt32', ID = '528'
Method 'CosmosHALBlockDeviceMBRPartInfoSystemCollectionsGenericList1CosmosHALBlockDeviceMBRPartInfoget_ItemSystemInt32', ID = '529'
Method 'SystemStringSystemStringConcatSystemObjectSystemObject', ID = '530'
Method 'SystemVoidCosmosHALBlockDevicePartitionctorCosmosHALBlockDeviceBlockDeviceSystemUInt64SystemUInt64', ID = '532'
Method 'SystemVoidCosmosHALBlockDeviceAHCIcctor', ID = '533'
Method 'SystemVoidCosmosHALPCIDeviceEnableBusMasterSystemBoolean', ID = '534'
Method 'SystemVoidCosmosHALPCIDeviceEnableMemorySystemBoolean', ID = '535'
Method 'SystemUInt32CosmosHALPCIBaseAddressBarget_BaseAddress', ID = '536'
Method 'SystemVoidCosmosHALBlockDeviceRegistersGenericRegistersctorSystemUInt32', ID = '538'
Method 'SystemUInt32CosmosHALBlockDeviceRegistersGenericRegistersget_GlobalHostControl', ID = '540'
Method 'SystemVoidCosmosHALBlockDeviceRegistersGenericRegistersset_GlobalHostControlSystemUInt32', ID = '541'
Method 'SystemVoidCosmosHALBlockDeviceAHCIGetCapabilities', ID = '542'
Method 'SystemVoidSystemCollectionsGenericList1CosmosHALBlockDevicePortsStoragePortset_CapacitySystemInt32', ID = '545'
Method 'SystemVoidCosmosHALBlockDeviceAHCIGetPorts', ID = '546'
Method 'SystemCollectionsGenericList1EnumeratorCosmosHALBlockDevicePortsStoragePortSystemCollectionsGenericList1CosmosHALBlockDevicePortsStoragePortGetEnumerator', ID = '547'
Method 'CosmosHALBlockDevicePortsStoragePortSystemCollectionsGenericList1EnumeratorCosmosHALBlockDevicePortsStoragePortget_Current', ID = '548'
Method 'SystemBooleanSystemCollectionsGenericList1EnumeratorCosmosHALBlockDevicePortsStoragePortMoveNext', ID = '555'
Method 'SystemVoidCosmosSystemKeyboardManagercctor', ID = '557'
Method 'SystemVoidHypatiaCommandRegistrarcctor', ID = '558'
Method 'SystemVoidHypatiaBehaviorctor', ID = '560'
Method 'SystemVoidHypatiaShowTextModeInfoBehaviorctor', ID = '563'
Method 'SystemVoidHypatiaSysRestartBehaviorctor', ID = '564'
Method 'SystemVoidHypatiaGraphicsInitBehaviorctor', ID = '565'
Method 'SystemVoidSystemCollectionsGenericList1HypatiaCommandAddWithResizeHypatiaCommand', ID = '567'
Method 'SystemVoidSystemCollectionsGenericList1SystemStringctor', ID = '569'
Method 'HypatiaCommandSystemCollectionsGenericList1HypatiaCommandget_ItemSystemInt32', ID = '570'
Method 'SystemStringHypatiaCommandget_Desc', ID = '571'
Method 'SystemStringSystemStringConcatSystemStringSystemStringSystemString', ID = '572'
Method 'SystemVoidSystemCollectionsGenericList1SystemStringAddSystemString', ID = '573'
Method 'SystemInt32SystemCollectionsGenericList1HypatiaCommandget_Count', ID = '574'
Method 'SystemStringarraySystemCollectionsGenericList1SystemStringToArray', ID = '575'
Method 'HypatiaBehaviorarrayHypatiaCommandget_BehaviorsToExecute', ID = '576'
Method 'SystemVoidSystemCollectionsGenericList1CosmosHALPITPITTimerctor', ID = '578'
Method 'SystemVoidCosmosHALPITHandleIRQCosmosCoreINTsIRQContext', ID = '579'
Method 'SystemVoidCosmosCore_AsmDelegateImplCtorSystemObjectSystemIntPtr', ID = '832'
Method 'SystemVoidCosmosCoreINTsSetIrqHandlerSystemByteCosmosCoreINTsIRQDelegate', ID = '581'
Method 'SystemVoidCosmosHALPITset_T0CountdownSystemUInt16', ID = '582'
Method 'SystemVoidSystemCollectionsGenericList1SystemCharctorSystemInt32', ID = '583'
Method 'CosmosSystemConsoleKeyExCosmosSystemKeyEventget_Key', ID = '584'
Method 'SystemInt32CosmosSystemConsoleget_X', ID = '585'
Method 'SystemVoidSystemCollectionsGenericList1SystemCharRemoveAtSystemInt32', ID = '586'
Method 'SystemVoidCosmosSystemConsoleset_XSystemInt32', ID = '587'
Method 'SystemCharSystemCollectionsGenericList1SystemCharget_ItemSystemInt32', ID = '588'
Method 'SystemVoidCosmosSystem_PlugsSystemConsoleImplWriteSystemChar', ID = '589'
Method 'SystemInt32SystemCollectionsGenericList1SystemCharget_Count', ID = '590'
Method 'SystemCharCosmosSystemKeyEventget_KeyChar', ID = '591'
Method 'SystemVoidSystemCollectionsGenericList1SystemCharAddSystemChar', ID = '592'
Method 'SystemVoidSystemCollectionsGenericList1SystemCharctor', ID = '593'
Method 'CosmosSystemKeyEventCosmosSystemKeyboardManagerReadKey', ID = '594'
Method 'SystemVoidCosmosSystem_PlugsSystemConsoleImplWriteLine', ID = '595'
Method 'SystemChararraySystemCollectionsGenericList1SystemCharToArray', ID = '596'
Method 'SystemVoidSystemCollectionsGenericList1EnumeratorHypatiaCommandctorSystemCollectionsGenericList1HypatiaCommand', ID = '598'
Method 'SystemBooleanSystemStringEqualsSystemStringSystemString', ID = '599'
Method 'SystemVoidHypatiaBehaviorExecute', ID = '600'
Method 'SystemBooleanSystemCollectionsGenericList1EnumeratorHypatiaCommandMoveNextRare', ID = '601'
Method 'SystemVoidSystemCollectionsGenericList1EnumeratorHypatiaCommandDispose', ID = '605'
Method 'SystemVoidSystemCollectionsGenericList1EnumeratorCosmosHALBlockDevicePortsStoragePortDispose', ID = '606'
Method 'SystemTextEncodingSystemTextEncodingget_ASCII', ID = '609'
Method 'SystemInt32CosmosCore_PlugsSystemStringImplget_LengthSystemInt32', ID = '613'
Method 'SystemStringCosmosCore_PlugsSystemStringImplFastAllocateStringSystemInt32', ID = '614'
Method 'SystemVoidSystemStringwstrcpySystemCharpointerSystemCharpointerSystemInt32', ID = '615'
Method 'SystemStringSystemSRget_ArgumentNull_String', ID = '618'
Method 'SystemVoidSystemArgumentNullExceptionctorSystemStringSystemString', ID = '619'
Method 'SystemInt32SystemTextEncodingGetByteCountSystemString', ID = '620'
Method 'SystemInt32SystemTextEncodingGetBytesSystemStringSystemInt32SystemInt32SystemBytearraySystemInt32', ID = '621'
Method 'SystemVoidCosmosSystemConsoleDoLineFeed', ID = '622'
Method 'SystemVoidCosmosSystemConsoleDoCarriageReturn', ID = '623'
Method 'SystemVoidCosmosSystemConsoleDoTab', ID = '624'
Method 'SystemVoidCosmosSystemConsoleWriteSystemByte', ID = '625'
Method 'SystemStringSystemTypeToString', ID = '628'
Method 'SystemVoidCosmosCoreCosmosRuntimeTypectorSystemUInt32', ID = '632'
Method 'SystemInt64SystemBitConverterDoubleToInt64BitsSystemDouble', ID = '634'
Method 'SystemStringSystemCharToString', ID = '636'
Method 'SystemStringSystemStringSubstringSystemInt32SystemInt32', ID = '639'
Method 'SystemStringSystemArgumentOutOfRangeExceptionget_Message', ID = '640'
Method 'SystemStringSystemArgumentExceptionget_Message', ID = '641'
Method 'SystemStringCosmosCore_PlugsSystemExceptionImplget_Message', ID = '642'
Method 'SystemVoidCosmosCore_AsmCPUImplDoDisableInterrupts', ID = '643'
Method 'SystemUInt32CosmosCore_AsmCPUImplGetAmountOfRAM', ID = '644'
Method 'SystemStringCosmosCore_PlugsSystemSRImplInternalGetResourceStringSystemString', ID = '648'
Method 'SystemBooleanCosmosCore_PlugsSystemStringImplEqualsSystemStringSystemStringComparison', ID = '650'
Method 'SystemVoidSystemBitConvertercctor', ID = '655'
Method 'SystemVoidCosmosCoreINTsPutErrorCharSystemInt32SystemInt32SystemChar', ID = '658'
Method 'SystemVoidCosmosCoreINTsPutErrorStringSystemInt32SystemInt32SystemString', ID = '659'
Method 'SystemVoidCosmosCoreIOPortBasectorSystemUInt16', ID = '662'
Method 'SystemVoidCosmosCoreMemoryBlock08ctorSystemUInt32SystemUInt32', ID = '669'
Method 'SystemVoidCosmosCoreMemoryBlock16ctorSystemUInt32SystemUInt32', ID = '670'
Method 'SystemVoidCosmosCoreMemoryBlock32ctorSystemUInt32SystemUInt32', ID = '671'
Method 'SystemVoidCosmosCoreBaseIOGroupsctor', ID = '678'
Method 'SystemVoidSystemCollectionsGenericList1CosmosHALPCIDevicecctor', ID = '679'
Method 'SystemVoidCosmosHALPCIDevicecctor', ID = '685'
Method 'SystemUInt16CosmosHALPCIDeviceReadRegister16SystemByte', ID = '688'
Method 'SystemByteCosmosHALPCIDeviceReadRegister8SystemByte', ID = '689'
Method 'SystemVoidCosmosHALPCIDeviceset_InterruptLineSystemByte', ID = '690'
Method 'SystemUInt32CosmosHALPCIDeviceReadRegister32SystemByte', ID = '692'
Method 'SystemVoidCosmosHALPCIBaseAddressBarctorSystemUInt32', ID = '693'
Method 'SystemVoidSystemCollectionsGenericList1CosmosHALPCIDeviceAddCosmosHALPCIDevice', ID = '694'
Method 'SystemBooleanCosmosCoreACPICheck_RSDSystemUInt32', ID = '696'
Method 'SystemVoidSystemThrowHelperThrowInvalidOperationExceptionSystemExceptionResource', ID = '700'
Method 'SystemStringCosmosCommonExtensionsToHexStringConvertToHexSystemUInt32SystemInt32', ID = '703'
Method 'SystemVoidSystemArgumentNullExceptionctorSystemString', ID = '704'
Method 'SystemBooleanCosmosHALPS2ControllerWaitForAck', ID = '707'
Method 'SystemVoidCosmosHALMouseBasector', ID = '710'
Method 'SystemVoidCosmosHALPS2MouseInitialize', ID = '712'
Method 'SystemVoidCosmosHALKeyboardBasector', ID = '714'
Method 'SystemVoidCosmosHALPS2KeyboardInitialize', ID = '716'
Method 'CosmosHALPCIDeviceCosmosHALPCIGetDeviceClassCosmosHALClassIDCosmosHALSubclassID', ID = '717'
Method 'SystemVoidCosmosCoreBaseIOGroupscctor', ID = '718'
Method 'SystemVoidCosmosHALBlockDeviceAtactor', ID = '721'
Method 'CosmosHALBlockDeviceAtaPioSpecLevelCosmosHALBlockDeviceAtaPioDiscoverDrive', ID = '722'
Method 'SystemVoidCosmosHALBlockDeviceAtaPioInitDrive', ID = '723'
Method 'SystemVoidCosmosHALBlockDeviceBlockDevicecctor', ID = '725'
Method 'SystemVoidSystemCollectionsGenericList1CosmosHALBlockDeviceBlockDeviceAddWithResizeCosmosHALBlockDeviceBlockDevice', ID = '727'
Method 'SystemVoidCosmosHALBlockDeviceAtacctor', ID = '728'
Method 'SystemStringCosmosHALBlockDeviceAtaToString', ID = '729'
Method 'SystemVoidCosmosHALBlockDeviceAtaPioReadBlockSystemUInt64SystemUInt64SystemBytearray', ID = '732'
Method 'SystemVoidSystemCollectionsGenericList1CosmosHALBlockDeviceMBRPartInfoctor', ID = '733'
Method 'SystemVoidCosmosHALBlockDeviceMBRParsePartitionSystemBytearraySystemUInt32', ID = '734'
Method 'SystemVoidSystemCollectionsGenericList1CosmosHALBlockDeviceEBRPartInfoctor', ID = '735'
Method 'SystemVoidCosmosHALBlockDeviceEBRParsePartitionSystemBytearraySystemUInt32', ID = '736'
Method 'SystemVoidSystemThrowHelperThrowArgumentOutOfRange_IndexException', ID = '740'
Method 'SystemVoidCosmosHALBlockDeviceBlockDevicector', ID = '742'
Method 'SystemUInt64CosmosHALBlockDeviceBlockDeviceget_BlockSize', ID = '743'
Method 'CosmosHALPCIDeviceCosmosHALPCIGetDeviceClassCosmosHALClassIDCosmosHALSubclassIDCosmosHALProgramIF', ID = '744'
Method 'SystemVoidSystemCollectionsGenericList1CosmosHALBlockDevicePortsStoragePortctor', ID = '745'
Method 'SystemVoidCosmosHALPCIDeviceWriteRegister16SystemByteSystemUInt16', ID = '746'
Method 'SystemUInt32CosmosCoreMemoryBlockget_ItemSystemUInt32', ID = '748'
Method 'SystemVoidCosmosCoreMemoryBlockset_ItemSystemUInt32SystemUInt32', ID = '749'
Method 'SystemUInt32CosmosHALBlockDeviceRegistersGenericRegistersget_Capabilities', ID = '750'
Method 'SystemVoidSystemThrowHelperThrowArgumentOutOfRangeExceptionSystemExceptionArgumentSystemExceptionResource', ID = '771'
Method 'SystemVoidSystemArrayCopySystemArraySystemInt32SystemArraySystemInt32SystemInt32', ID = '773'
Method 'SystemUInt32CosmosHALBlockDeviceRegistersGenericRegistersget_ImplementedPorts', ID = '775'
Method 'SystemVoidCosmosHALBlockDeviceRegistersPortRegistersctorSystemUInt32SystemUInt32', ID = '776'
Method 'CosmosHALBlockDeviceRegistersPortTypeCosmosHALBlockDeviceAHCICheckPortTypeCosmosHALBlockDeviceRegistersPortRegisters', ID = '777'
Method 'SystemStringSystemStringPadLeftSystemInt32SystemChar', ID = '779'
Method 'SystemVoidCosmosHALBlockDeviceAHCIPortRebaseCosmosHALBlockDeviceRegistersPortRegistersSystemUInt32', ID = '780'
Method 'SystemVoidCosmosHALBlockDevicePortsSATActorCosmosHALBlockDeviceRegistersPortRegisters', ID = '781'
Method 'SystemVoidSystemCollectionsGenericList1CosmosHALBlockDevicePortsStoragePortAddCosmosHALBlockDevicePortsStoragePort', ID = '782'
Method 'SystemVoidSystemCollectionsGenericList1EnumeratorCosmosHALBlockDevicePortsStoragePortctorSystemCollectionsGenericList1CosmosHALBlockDevicePortsStoragePort', ID = '783'
Method 'SystemStringCosmosCore_PlugsSystemStringImplFormatSystemStringSystemObjectSystemObject', ID = '785'
Method 'SystemStringCosmosCore_PlugsSystemStringImplFormatSystemStringSystemObject', ID = '786'
Method 'SystemBooleanSystemCollectionsGenericList1EnumeratorCosmosHALBlockDevicePortsStoragePortMoveNextRare', ID = '787'
Method 'SystemVoidSystemCollectionsGenericList1CosmosHALKeyboardBasector', ID = '789'
Method 'SystemVoidCosmosSystemScanMapsUS_Standardctor', ID = '791'
Method 'SystemVoidSystemCollectionsGenericQueue1CosmosSystemKeyEventctor', ID = '793'
Method 'SystemCollectionsGenericIEnumerable1CosmosHALKeyboardBaseCosmosHALGlobalGetKeyboardDevices', ID = '795'
Method 'SystemVoidCosmosSystemKeyboardManagerAddKeyboardCosmosHALKeyboardBase', ID = '798'
Method 'SystemVoidSystemCollectionsGenericList1HypatiaCommandctor', ID = '800'
Method 'SystemVoidSystemCollectionsGenericList1HypatiaCommandcctor', ID = '809'
Method 'SystemVoidSystemCollectionsGenericList1HypatiaCommandEnsureCapacitySystemInt32', ID = '815'
Method 'SystemVoidSystemCollectionsGenericList1SystemStringAddWithResizeSystemString', ID = '823'
Method 'SystemUInt32CosmosHALPITget_T0DelyNS', ID = '826'
Method 'SystemInt32SystemCollectionsGenericList1CosmosHALPITPITTimerget_Count', ID = '827'
Method 'CosmosHALPITPITTimerSystemCollectionsGenericList1CosmosHALPITPITTimerget_ItemSystemInt32', ID = '828'
Method 'SystemVoidSystemCollectionsGenericList1CosmosHALPITPITTimerRemoveAtSystemInt32', ID = '830'
Method 'SystemVoidCosmosCore_AsmDelegateImplInvoke', ID = '660'
Method 'SystemVoidCosmosCoreINTsSetIntHandlerSystemByteCosmosCoreINTsIRQDelegate', ID = '833'
Method 'SystemVoidCosmosSystemConsoleUpdateCursor', ID = '841'
Method 'SystemVoidSystemCollectionsGenericList1SystemCharAddWithResizeSystemChar', ID = '842'
Method 'SystemVoidCosmosHALKeyboardBaseWaitForKey', ID = '843'
Method 'SystemInt32SystemCollectionsGenericQueue1CosmosSystemKeyEventget_Count', ID = '844'
Method 'CosmosSystemKeyEventSystemCollectionsGenericQueue1CosmosSystemKeyEventDequeue', ID = '845'
Method 'SystemVoidCosmosCore_PlugsSystemStringImplCtorSystemChararraySystemStringSystemInt32SystemCharpointer', ID = '847'
Method 'SystemVoidHypatiaListBehaviorExecute', ID = '849'
Method 'SystemVoidHypatiaShowTextModeInfoBehaviorExecute', ID = '850'
Method 'SystemVoidHypatiaSysRestartBehaviorExecute', ID = '851'
Method 'SystemVoidHypatiaGraphicsInitBehaviorExecute', ID = '852'
Method 'SystemVoidSystemThrowHelperThrowInvalidOperationException_InvalidOperation_EnumFailedVersion', ID = '853'
Method 'SystemVoidCosmosCore_PlugsSystemEnvironmentImplCCtor', ID = '856'
Method 'SystemVoidSystemBufferMemcpySystemBytepointerSystemBytepointerSystemInt32', ID = '859'
Method 'SystemVoidSystemTextEncodingcctor', ID = '860'
Method 'SystemInt32SystemTextASCIIEncodingGetByteCountSystemString', ID = '867'
Method 'SystemInt32SystemTextASCIIEncodingGetBytesSystemStringSystemInt32SystemInt32SystemBytearraySystemInt32', ID = '869'
Method 'SystemVoidCosmosCore_PlugsSystemTypeImplCCtor', ID = '873'
Method 'SystemVoidCosmosCoreCosmosRuntimeTypector', ID = '876'
Method 'SystemVoidCosmosCommonStringHelpercctor', ID = '877'
Method 'SystemStringCosmosSystem_PlugsSystemUInt64ImplToString', ID = '878'
Method 'SystemStringSystemCharToStringSystemChar', ID = '879'
Method 'SystemCharCosmosCore_PlugsSystemStringImplget_CharsSystemInt32SystemCharpointer', ID = '880'
Method 'SystemChararrayCosmosCore_PlugsSystemStringImplToCharArray', ID = '881'
Method 'SystemStringSystemSRget_ArgumentOutOfRange_StartIndex', ID = '882'
Method 'SystemVoidSystemArgumentOutOfRangeExceptionctorSystemStringSystemString', ID = '883'
Method 'SystemStringSystemSRget_ArgumentOutOfRange_StartIndexLargerThanLength', ID = '884'
Method 'SystemStringSystemSRget_ArgumentOutOfRange_NegativeLength', ID = '885'
Method 'SystemStringSystemSRget_ArgumentOutOfRange_IndexLength', ID = '886'
Method 'SystemStringSystemStringInternalSubStringSystemInt32SystemInt32', ID = '887'
Method 'SystemStringSystemSRget_ArgumentOutOfRange_ActualValue', ID = '888'
Method 'SystemStringSystemSRFormatSystemStringSystemObject', ID = '889'
Method 'SystemStringSystemSRget_Arg_ParamName_Name', ID = '890'
Method 'SystemStringSystemStringToLower', ID = '892'
Method 'SystemBooleanCosmosCore_PlugsSystemStringImplEqualsHelperSystemStringSystemString', ID = '893'
Method 'SystemStringCosmosSystem_PlugsSystemInt64ImplToString', ID = '894'
Method 'SystemVoidSystemNotImplementedExceptionctor', ID = '897'
Method 'SystemStringCosmosSystem_PlugsSystemByteImplToString', ID = '898'
Method 'SystemByteCosmosCore_AsmIOPortImplRead8SystemUInt16', ID = '899'
Method 'SystemVoidCosmosCore_AsmIOPortImplWrite8SystemUInt16SystemByte', ID = '900'
Method 'SystemStringCosmosSystem_PlugsSystemEnumImplToString', ID = '904'
Method 'SystemStringCosmosSystem_PlugsSystemUInt16ImplToString', ID = '905'
Method 'SystemVoidCosmosCoreIOGroupPS2Controllerctor', ID = '906'
Method 'SystemVoidCosmosCoreIOGroupPITctor', ID = '907'
Method 'SystemVoidCosmosCoreIOGroupATActorSystemBoolean', ID = '908'
Method 'SystemVoidCosmosCoreIOGroupRTCctor', ID = '909'
Method 'SystemVoidCosmosCoreIOGroupVBEctor', ID = '910'
Method 'SystemVoidCosmosCoreIOGroupPCIctor', ID = '911'
Method 'SystemVoidCosmosCore_AsmIOPortImplWrite32SystemUInt16SystemUInt32', ID = '912'
Method 'SystemUInt32CosmosCore_AsmIOPortImplRead32SystemUInt16', ID = '913'
Method 'SystemVoidSystemCollectionsGenericList1CosmosHALPCIDeviceAddWithResizeCosmosHALPCIDevice', ID = '914'
Method 'SystemInvalidOperationExceptionSystemThrowHelperGetInvalidOperationExceptionSystemExceptionResource', ID = '917'
Method 'SystemStringCosmosCommonExtensionsToHexStringConvertToHexSystemUInt32', ID = '918'
Method 'SystemStringSystemSRget_ArgumentNull_Generic', ID = '919'
Method 'SystemVoidCosmosCore_PlugsSystemOutOfMemoryExceptionImplCtor', ID = '921'
Method 'SystemVoidCosmosHALPS2Mousecctor', ID = '922'
Method 'SystemVoidCosmosHALPS2MouseSendCommandCosmosHALPS2MouseCommandSystemNullable1SystemByte', ID = '923'
Method 'SystemBooleanCosmosHALPS2ControllerWaitForDeviceReset', ID = '924'
Method 'SystemByteCosmosHALPS2MouseTryToEnableScrollWheel', ID = '925'
Method 'SystemByteCosmosHALPS2MouseTryToEnableAdditionalButtons', ID = '926'
Method 'SystemVoidCosmosHALPS2MouseHandleMouseCosmosCoreINTsIRQContext', ID = '927'
Method 'SystemVoidCosmosHALPS2KeyboardSendCommandCosmosHALPS2KeyboardCommandSystemNullable1SystemByte', ID = '928'
Method 'SystemVoidCosmosHALPS2KeyboardHandleIRQCosmosCoreINTsIRQContext', ID = '929'
Method 'CosmosHALPCIDeviceSystemCollectionsGenericList1CosmosHALPCIDeviceget_ItemSystemInt32', ID = '933'
Method 'SystemInt32SystemCollectionsGenericList1CosmosHALPCIDeviceget_Count', ID = '934'
Method 'SystemVoidCosmosCoreIOGroupPCSpeakerctor', ID = '935'
Method 'SystemVoidCosmosHALBlockDeviceAtaPiocctor', ID = '937'
Method 'SystemStringCosmosHALBlockDeviceAtaPioToString', ID = '938'
Method 'SystemVoidCosmosHALBlockDeviceAtaPioSelectDriveSystemByte', ID = '939'
Method 'CosmosHALBlockDeviceAtaPioStatusCosmosHALBlockDeviceAtaPioSendCmdCosmosHALBlockDeviceAtaPioCmdSystemBoolean', ID = '940'
Method 'CosmosHALBlockDeviceAtaPioStatusCosmosHALBlockDeviceAtaPioSendCmdCosmosHALBlockDeviceAtaPioCmd', ID = '941'
Method 'SystemVoidCosmosCoreIOPortBaseRead16SystemUInt16array', ID = '942'
Method 'SystemStringCosmosHALBlockDeviceAtaPioGetStringSystemUInt16arraySystemInt32SystemInt32', ID = '943'
Method 'SystemVoidSystemCollectionsGenericList1CosmosHALBlockDeviceBlockDevicector', ID = '944'
Method 'SystemVoidSystemCollectionsGenericList1CosmosHALBlockDeviceBlockDevicecctor', ID = '945'
Method 'SystemVoidSystemCollectionsGenericList1CosmosHALBlockDeviceBlockDeviceEnsureCapacitySystemInt32', ID = '951'
Method 'SystemVoidCosmosHALBlockDeviceBlockDeviceCheckDataSizeSystemBytearraySystemUInt64', ID = '954'
Method 'SystemVoidCosmosHALBlockDeviceAtaPioSelectSectorSystemUInt64SystemUInt64', ID = '955'
Method 'SystemVoidCosmosCoreIOPortBaseRead8SystemBytearray', ID = '956'
Method 'SystemUInt32SystemBitConverterToUInt32SystemBytearraySystemInt32', ID = '958'
Method 'SystemVoidCosmosHALBlockDeviceMBRPartInfoctorSystemByteSystemUInt32SystemUInt32', ID = '959'
Method 'SystemVoidSystemCollectionsGenericList1CosmosHALBlockDeviceMBRPartInfoAddCosmosHALBlockDeviceMBRPartInfo', ID = '960'
Method 'SystemVoidCosmosHALBlockDeviceEBRPartInfoctorSystemByteSystemUInt32SystemUInt32', ID = '962'
Method 'SystemVoidSystemCollectionsGenericList1CosmosHALBlockDeviceEBRPartInfoAddCosmosHALBlockDeviceEBRPartInfo', ID = '963'
Method 'SystemVoidSystemCollectionsGenericList1CosmosHALBlockDeviceEBRPartInfocctor', ID = '964'
Method 'SystemVoidSystemCollectionsGenericList1CosmosHALBlockDeviceMBRPartInfocctor', ID = '970'
Method 'SystemVoidCosmosDebugKernelPlugsAsmDebuggerAsmDoSendNumberSystemInt32', ID = '976'
Method 'SystemArgumentOutOfRangeExceptionSystemThrowHelperGetArgumentOutOfRangeExceptionSystemExceptionArgumentSystemExceptionResource', ID = '977'
Method 'SystemStringCosmosHALBlockDevicePartitionToString', ID = '978'
Method 'SystemVoidCosmosHALBlockDevicePartitionReadBlockSystemUInt64SystemUInt64SystemBytearray', ID = '979'
Method 'SystemVoidCosmosCoreIOPortset_WordSystemUInt16', ID = '981'
Method 'SystemVoidSystemCollectionsGenericList1CosmosHALBlockDevicePortsStoragePortcctor', ID = '982'
Method 'SystemUInt32CosmosHALBlockDeviceRegistersPortRegistersget_SSTS', ID = '990'
Method 'SystemUInt32CosmosHALBlockDeviceRegistersPortRegistersget_SIG', ID = '991'
Method 'SystemStringSystemSRget_ArgumentOutOfRange_NeedNonNegNum', ID = '992'
Method 'SystemBooleanCosmosHALBlockDeviceAHCIStopCMDCosmosHALBlockDeviceRegistersPortRegisters', ID = '993'
Method 'SystemVoidCosmosHALBlockDevicePortsSATAPortResetCosmosHALBlockDeviceRegistersPortRegisters', ID = '994'
Method 'SystemVoidCosmosHALBlockDeviceRegistersPortRegistersset_CLBSystemUInt32', ID = '995'
Method 'SystemVoidCosmosHALBlockDeviceRegistersPortRegistersset_FBSystemUInt32', ID = '996'
Method 'SystemVoidCosmosHALBlockDeviceRegistersPortRegistersset_SERRSystemUInt32', ID = '997'
Method 'SystemVoidCosmosHALBlockDeviceRegistersPortRegistersset_ISSystemUInt32', ID = '998'
Method 'SystemVoidCosmosHALBlockDeviceRegistersPortRegistersset_IESystemUInt32', ID = '999'
Method 'SystemUInt32CosmosHALBlockDeviceRegistersPortRegistersget_CLB', ID = '1000'
Method 'SystemVoidCosmosCoreMemoryBlockFillSystemByte', ID = '1001'
Method 'SystemUInt32CosmosHALBlockDeviceRegistersPortRegistersget_FB', ID = '1002'
Method 'CosmosHALBlockDeviceRegistersHBACommandHeaderarrayCosmosHALBlockDeviceAHCIGetCommandHeaderCosmosHALBlockDeviceRegistersPortRegisters', ID = '1003'
Method 'SystemBooleanCosmosHALBlockDeviceAHCIStartCMDCosmosHALBlockDeviceRegistersPortRegisters', ID = '1004'
Method 'SystemVoidCosmosHALBlockDevicePortsStoragePortctor', ID = '1006'
Method 'SystemUInt32CosmosHALBlockDeviceRegistersPortRegistersget_CMD', ID = '1007'
Method 'SystemVoidCosmosCoreMemoryGroupAHCIctorSystemUInt32', ID = '1008'
Method 'SystemVoidCosmosHALBlockDevicePortsSATASendSATA28CommandCosmosHALBlockDeviceRegistersATACommandsSystemUInt32SystemUInt32', ID = '1009'
Method 'SystemVoidCosmosCoreMemoryBlockRead16SystemUInt16array', ID = '1011'
Method 'SystemStringCosmosHALBlockDevicePortsSATAGetStringSystemUInt16arraySystemInt32SystemInt32', ID = '1012'
Method 'SystemVoidSystemCollectionsGenericList1CosmosHALBlockDevicePortsStoragePortAddWithResizeCosmosHALBlockDevicePortsStoragePort', ID = '1013'
Method 'SystemStringCosmosCore_PlugsSystemStringImplFormatHelperSystemIFormatProviderSystemStringSystemObjectarray', ID = '1014'
Method 'SystemVoidCosmosSystemScanMapBasector', ID = '1018'
Method 'CosmosSystemKeyEventarraySystemArrayEmptyCosmosSystemKeyEvent', ID = '1020'
Method 'SystemVoidSystemCollectionsGenericList1CosmosHALKeyboardBaseAddCosmosHALKeyboardBase', ID = '1022'
Method 'SystemCollectionsGenericIEnumerator1CosmosHALKeyboardBaseSystemCollectionsGenericList1CosmosHALKeyboardBaseSystemCollectionsGenericIEnumerableTGetEnumerator', ID = '1024'
Method 'SystemVoidCosmosSystemKeyboardManagerHandleScanCodeSystemByteSystemBoolean', ID = '1025'
Method 'SystemVoidCosmosCore_AsmDelegateImplCtorSystemObjectSystemIntPtr', ID = '832'
Method 'SystemVoidSystemCollectionsGenericList1HypatiaCommandset_CapacitySystemInt32', ID = '1028'
Method 'SystemVoidSystemCollectionsGenericList1SystemStringcctor', ID = '1029'
Method 'SystemVoidSystemCollectionsGenericList1SystemStringEnsureCapacitySystemInt32', ID = '1030'
Method 'SystemVoidSystemCollectionsGenericList1CosmosHALPITPITTimercctor', ID = '1031'
Method 'SystemVoidCosmosHALPITPITTimerDispose', ID = '1037'
Method 'SystemVoidSystemCollectionsGenericList1SystemCharcctor', ID = '1040'
Method 'SystemVoidSystemCharcctor', ID = '1045'
Method 'SystemBooleanCosmosCore_PlugsSystemRuntimeCompilerServicesRuntimeHelpersImplIsReferenceOrContainsReferences', ID = '1049'
Method 'SystemVoidSystemCollectionsGenericList1SystemCharEnsureCapacitySystemInt32', ID = '1051'
Method 'CosmosCoreCPUCosmosCoreGlobalget_CPU', ID = '1052'
Method 'SystemVoidSystemCollectionsGenericQueue1CosmosSystemKeyEventThrowForEmptyQueue', ID = '1054'
Method 'SystemVoidSystemCollectionsGenericQueue1CosmosSystemKeyEventMoveNextSystemInt32', ID = '1056'
Method 'SystemInt32CosmosSystemConsoleget_Rows', ID = '1058'
Method 'SystemInt32CosmosSystemConsoleget_Cols', ID = '1059'
Method 'SystemConsoleColorCosmosSystemConsoleget_Foreground', ID = '1060'
Method 'SystemVoidCosmosSystemPowerReboot', ID = '1061'
Method 'SystemVoidHypatiaGraphicsInitBehaviorActivateGraphicalMode', ID = '1062'
Method 'SystemVoidSystemTextASCIIEncodingcctor', ID = '1063'
Method 'SystemVoidCosmosCore_PlugsSystemStringImplcctor', ID = '1065'
Method 'SystemVoidSystemBufferMemmoveSystemBytepointerSystemBytepointerSystemUInt32', ID = '1067'
Method 'SystemVoidSystemTextUTF8EncodingUTF8EncodingSealedctorSystemBoolean', ID = '1068'
Method 'SystemInt32SystemTextEncodingGetByteCountSystemCharpointerSystemInt32SystemTextEncoderNLS', ID = '1071'
Method 'SystemInt32SystemTextASCIIEncodingGetByteCountSystemChararraySystemInt32SystemInt32', ID = '1072'
Method 'SystemStringSystemSRget_ArgumentNull_Array', ID = '1073'
Method 'SystemStringSystemSRget_ArgumentOutOfRange_IndexCount', ID = '1074'
Method 'SystemStringSystemSRget_ArgumentOutOfRange_Index', ID = '1075'
Method 'SystemInt32SystemTextEncodingGetBytesSystemCharpointerSystemInt32SystemBytepointerSystemInt32SystemTextEncoderNLS', ID = '1076'
Method 'SystemInt32SystemTextASCIIEncodingGetBytesSystemChararraySystemInt32SystemInt32SystemBytearraySystemInt32', ID = '1077'
Method 'SystemVoidCosmosHALTextScreenScrollUp', ID = '1078'
Method 'SystemVoidCosmosHALTextScreenset_ItemSystemInt32SystemInt32SystemByte', ID = '1079'
Method 'SystemStringCosmosCoreCosmosRuntimeTypeget_Name', ID = '1081'
Method 'SystemVoidSystemTypector', ID = '1082'
Method 'SystemStringCosmosCommonStringHelperGetNumberStringSystemUInt64', ID = '1088'
Method 'SystemStringSystemStringCreateFromCharSystemChar', ID = '1089'
Method 'SystemBooleanSystemSRUsingResourceKeys', ID = '1090'
Method 'SystemStringSystemStringJoinSystemStringSystemObjectarray', ID = '1091'
Method 'SystemStringCosmosCommonStringHelperGetNumberStringSystemInt64', ID = '1097'
Method 'SystemStringSystemSRget_Arg_NotImplementedException', ID = '1098'
Method 'SystemVoidCosmosCoreIOPortReadctorSystemUInt16', ID = '1104'
Method 'SystemVoidCosmosCoreIOPortWritectorSystemUInt16', ID = '1105'
Method 'SystemUInt16CosmosCoreIOGroupATAGetBAR0SystemBoolean', ID = '1106'
Method 'SystemUInt16CosmosCoreIOGroupATAGetBAR1SystemBoolean', ID = '1107'
Method 'SystemVoidCosmosCoreIOPortWritectorSystemUInt16SystemUInt16', ID = '1108'
Method 'SystemVoidCosmosCoreIOPortctorSystemUInt16SystemUInt16', ID = '1109'
Method 'SystemVoidCosmosCoreIOPortReadctorSystemUInt16SystemUInt16', ID = '1110'
Method 'SystemVoidSystemCollectionsGenericList1CosmosHALPCIDeviceEnsureCapacitySystemInt32', ID = '1113'
Method 'SystemStringSystemThrowHelperGetResourceStringSystemExceptionResource', ID = '1114'
Method 'SystemCharCosmosCommonExtensionsToHexStringDigitToHexCharSystemByte', ID = '1115'
Method 'SystemByteCosmosHALPS2Mouseget_PS2Port', ID = '1119'
Method 'SystemVoidCosmosHALPS2ControllerPrepareSecondPortWrite', ID = '1120'
Method 'SystemByteCosmosHALPS2ControllerReadByteAfterAck', ID = '1121'
Method 'SystemBooleanCosmosHALPS2Mouseget_HasScrollWheel', ID = '1122'
Method 'SystemVoidCosmosCore_AsmDelegateImplInvoke', ID = '660'
Method 'SystemByteCosmosHALPS2Keyboardget_PS2Port', ID = '1125'
Method 'SystemVoidCosmosCore_AsmDelegateImplInvoke', ID = '660'
Method 'SystemVoidCosmosHALPS2KeyboardUpdateLeds', ID = '1127'
Method 'SystemVoidCosmosHALBlockDeviceAtaPioWait', ID = '1130'
Method 'SystemVoidCosmosHALBlockDeviceAtaPioDebugSystemString', ID = '1133'
Method 'SystemVoidCosmosHALBlockDeviceAtaPioDebugHexSystemStringSystemUInt32', ID = '1134'
Method 'SystemVoidSystemCollectionsGenericList1CosmosHALBlockDeviceBlockDeviceset_CapacitySystemInt32', ID = '1138'
Method 'SystemVoidCosmosHALBlockDeviceBlockDeviceCheckBlockNoSystemUInt64SystemUInt64', ID = '1139'
Method 'SystemVoidCosmosCoreIOPortWriteset_WordSystemUInt16', ID = '1140'
Method 'SystemInt32SystemBitConverterReadInt32SystemBytearraySystemInt32', ID = '1141'
Method 'SystemVoidSystemCollectionsGenericList1CosmosHALBlockDeviceMBRPartInfoAddWithResizeCosmosHALBlockDeviceMBRPartInfo', ID = '1142'
Method 'SystemVoidSystemCollectionsGenericList1CosmosHALBlockDeviceEBRPartInfoAddWithResizeCosmosHALBlockDeviceEBRPartInfo', ID = '1144'
Method 'SystemStringSystemThrowHelperGetArgumentNameSystemExceptionArgument', ID = '1145'
Method 'SystemVoidCosmosCore_AsmArrayImplCopySystemArraySystemInt32SystemArraySystemInt32SystemInt32SystemBoolean', ID = '1147'
Method 'SystemVoidCosmosHALBlockDeviceRegistersPortRegistersset_CMDSystemUInt32', ID = '1148'
Method 'SystemVoidCosmosHALBlockDeviceAHCIWaitSystemInt32', ID = '1149'
Method 'SystemUInt32CosmosHALBlockDeviceRegistersPortRegistersget_CI', ID = '1150'
Method 'SystemUInt32CosmosHALBlockDeviceRegistersPortRegistersget_TFD', ID = '1151'
Method 'SystemVoidCosmosHALBlockDeviceAHCIHBAReset', ID = '1152'
Method 'SystemVoidCosmosHALBlockDeviceRegistersPortRegistersset_SCTLSystemUInt32', ID = '1153'
Method 'SystemUInt32CosmosHALBlockDeviceRegistersPortRegistersget_SCTL', ID = '1154'
Method 'SystemVoidCosmosCoreMemoryBlockFillSystemUInt32SystemUInt32SystemByte', ID = '1155'
Method 'SystemVoidCosmosHALBlockDeviceRegistersHBACommandHeaderctorSystemUInt32SystemUInt32', ID = '1158'
Method 'SystemVoidCosmosHALBlockDeviceRegistersHBACommandHeaderset_PRDTLSystemUInt16', ID = '1159'
Method 'SystemVoidCosmosHALBlockDeviceRegistersHBACommandHeaderset_CTBASystemUInt32', ID = '1160'
Method 'SystemVoidCosmosHALBlockDeviceRegistersHBACommandHeaderset_CTBAUSystemUInt32', ID = '1161'
Method 'SystemUInt32CosmosHALBlockDeviceRegistersHBACommandHeaderget_CTBA', ID = '1162'
Method 'SystemVoidCosmosHALBlockDevicePortsSATAcctor', ID = '1163'
Method 'SystemVoidCosmosHALBlockDevicePortsSATAReadBlockSystemUInt64SystemUInt64SystemBytearray', ID = '1164'
Method 'CosmosHALBlockDeviceRegistersPortTypeCosmosHALBlockDevicePortsSATAget_mPortType', ID = '1165'
Method 'SystemStringCosmosHALBlockDevicePortsSATAget_mPortName', ID = '1166'
Method 'SystemUInt32CosmosHALBlockDevicePortsSATAget_mPortNumber', ID = '1167'
Method 'SystemInt32CosmosHALBlockDevicePortsSATAFindCMDSlot', ID = '1169'
Method 'SystemVoidCosmosHALBlockDeviceRegistersHBACommandHeaderset_CFLSystemByte', ID = '1170'
Method 'SystemVoidCosmosHALBlockDeviceRegistersHBACommandHeaderset_WriteSystemByte', ID = '1171'
Method 'SystemUInt16CosmosHALBlockDeviceRegistersHBACommandHeaderget_PRDTL', ID = '1172'
Method 'SystemVoidCosmosHALBlockDeviceRegistersHBACommandTablectorSystemUInt32SystemUInt32', ID = '1173'
Method 'SystemVoidCosmosHALBlockDeviceRegistersHBAPRDTEntryset_DBASystemUInt32', ID = '1175'
Method 'SystemVoidCosmosHALBlockDeviceRegistersHBAPRDTEntryset_DBCSystemUInt32', ID = '1176'
Method 'SystemVoidCosmosHALBlockDeviceRegistersHBAPRDTEntryset_InterruptOnCompletionSystemByte', ID = '1177'
Method 'SystemUInt32CosmosHALBlockDeviceRegistersHBACommandTableget_CFIS', ID = '1178'
Method 'SystemVoidCosmosHALBlockDeviceRegistersFISRegisterH2DctorSystemUInt32', ID = '1179'
Method 'SystemVoidCosmosHALBlockDeviceRegistersFISRegisterH2Dset_FISTypeSystemByte', ID = '1180'
Method 'SystemVoidCosmosHALBlockDeviceRegistersFISRegisterH2Dset_IsCommandSystemByte', ID = '1181'
Method 'SystemVoidCosmosHALBlockDeviceRegistersFISRegisterH2Dset_CommandSystemByte', ID = '1182'
Method 'SystemVoidCosmosHALBlockDeviceRegistersFISRegisterH2Dset_DeviceSystemByte', ID = '1183'
Method 'SystemVoidCosmosHALBlockDeviceRegistersFISRegisterH2Dset_LBA0SystemByte', ID = '1184'
Method 'SystemVoidCosmosHALBlockDeviceRegistersFISRegisterH2Dset_LBA1SystemByte', ID = '1185'
Method 'SystemVoidCosmosHALBlockDeviceRegistersFISRegisterH2Dset_LBA2SystemByte', ID = '1186'
Method 'SystemVoidCosmosHALBlockDeviceRegistersFISRegisterH2Dset_CountLSystemByte', ID = '1187'
Method 'SystemVoidCosmosHALBlockDeviceRegistersPortRegistersset_CISystemUInt32', ID = '1189'
Method 'SystemUInt32CosmosHALBlockDeviceRegistersPortRegistersget_IS', ID = '1190'
Method 'SystemVoidSystemCollectionsGenericList1CosmosHALBlockDevicePortsStoragePortEnsureCapacitySystemInt32', ID = '1191'
Method 'SystemVoidSystemFormatExceptionctorSystemString', ID = '1193'
Method 'SystemInt32CosmosCommonStringHelperGetStringToNumberSystemString', ID = '1194'
Method 'SystemBooleanSystemCharIsDigitSystemChar', ID = '1195'
Method 'SystemVoidSystemCollectionsGenericList1CosmosHALKeyboardBasecctor', ID = '1196'
Method 'SystemVoidSystemCollectionsGenericList1CosmosHALKeyboardBaseAddWithResizeCosmosHALKeyboardBase', ID = '1208'
Method 'SystemVoidSystemCollectionsGenericList1EnumeratorCosmosHALKeyboardBasectorSystemCollectionsGenericList1CosmosHALKeyboardBase', ID = '1209'
Method 'SystemBooleanCosmosSystemScanMapBaseScanCodeMatchesKeySystemByteCosmosSystemConsoleKeyEx', ID = '1211'
Method 'SystemBooleanCosmosSystemKeyboardManagerget_CapsLock', ID = '1212'
Method 'SystemVoidCosmosSystemKeyboardManagerUpdateLeds', ID = '1213'
Method 'SystemBooleanCosmosSystemKeyboardManagerget_NumLock', ID = '1214'
Method 'SystemBooleanCosmosSystemKeyboardManagerget_ScrollLock', ID = '1215'
Method 'SystemVoidCosmosSystemKeyboardManagerset_ControlPressedSystemBoolean', ID = '1216'
Method 'SystemVoidCosmosSystemKeyboardManagerset_ShiftPressedSystemBoolean', ID = '1217'
Method 'SystemVoidCosmosSystemKeyboardManagerset_AltPressedSystemBoolean', ID = '1218'
Method 'SystemBooleanCosmosSystemKeyboardManagerget_ControlPressed', ID = '1219'
Method 'SystemBooleanCosmosSystemKeyboardManagerget_AltPressed', ID = '1220'
Method 'SystemBooleanCosmosSystemKeyboardManagerGetKeySystemByteCosmosSystemKeyEvent', ID = '1221'
Method 'SystemVoidCosmosSystemKeyboardManagerEnqueueCosmosSystemKeyEvent', ID = '1222'
Method 'SystemVoidSystemCollectionsGenericList1SystemStringset_CapacitySystemInt32', ID = '1224'
Method 'SystemVoidCosmosHALPITUnregisterTimerSystemInt32', ID = '1225'
Method 'SystemVoidCosmosCore_AsmRuntimeHelpersImplInitializeArraySystemArraySystemRuntimeFieldHandle', ID = '1228'
Method 'SystemVoidCosmosHALTextScreenSetCursorPosSystemInt32SystemInt32', ID = '1231'
Method 'SystemVoidSystemCollectionsGenericList1SystemCharset_CapacitySystemInt32', ID = '1232'
Method 'SystemVoidCosmosCore_AsmCPUImplHalt', ID = '1233'
Method 'SystemStringSystemSRget_InvalidOperation_EmptyQueue', ID = '1234'
Method 'SystemConsoleColorCosmosSystemConsoleget_Background', ID = '1236'
Method 'SystemVoidCosmosHALPowerCPUReboot', ID = '1238'
Method 'CosmosSystemGraphicsCanvasCosmosSystemGraphicsFullScreenCanvasGetFullScreenCanvas', ID = '1239'
Method 'SystemDrawingColorSystemDrawingColorget_CornflowerBlue', ID = '1240'
Method 'SystemVoidCosmosSystemGraphicsCanvasClearSystemDrawingColor', ID = '1241'
Method 'SystemVoidSystemTextASCIIEncodingASCIIEncodingSealedctor', ID = '1242'
Method 'SystemVoidSystemBuffer_MemmoveSystemBytepointerSystemBytepointerSystemUInt32', ID = '1246'
Method 'SystemVoidSystemTextUTF8EncodingctorSystemBoolean', ID = '1248'
Method 'SystemInt32CosmosSystem_PlugsSystemRuntimeRuntimeHelpersImplget_OffsetToStringData', ID = '1249'
Method 'SystemInt32SystemTextASCIIEncodingGetByteCountSystemCharpointerSystemInt32SystemTextEncoderNLS', ID = '1251'
Method 'SystemInt32SystemTextUTF8EncodingGetByteCountSystemCharpointerSystemInt32SystemTextEncoderNLS', ID = '1252'
Method 'SystemInt32SystemTextEncodingGetByteCountSystemCharpointerSystemInt32', ID = '1253'
Method 'SystemStringSystemSRget_ArgumentOutOfRange_IndexCountBuffer', ID = '1254'
Method 'SystemInt32SystemTextASCIIEncodingGetBytesSystemCharpointerSystemInt32SystemBytepointerSystemInt32SystemTextEncoderNLS', ID = '1255'
Method 'SystemInt32SystemTextUTF8EncodingGetBytesSystemCharpointerSystemInt32SystemBytepointerSystemInt32SystemTextEncoderNLS', ID = '1256'
Method 'SystemInt32SystemTextEncodingGetBytesSystemCharpointerSystemInt32SystemBytepointerSystemInt32', ID = '1257'
Method 'SystemVoidCosmosCoreMemoryBlockMoveDownSystemUInt32SystemUInt32SystemUInt32', ID = '1258'
Method 'SystemVoidCosmosCoreMemoryBlockFillSystemUInt32SystemUInt32SystemUInt16', ID = '1259'
Method 'SystemVoidCosmosCoreMemoryBlock08set_ItemSystemUInt32SystemByte', ID = '1260'
Method 'SystemVoidCosmosCore_PlugsSystemTypeImplcctor', ID = '1261'
Method 'SystemVoidSystemReflectionMemberInfoctor', ID = '1262'
Method 'SystemVoidSystemGuidcctor', ID = '1263'
Method 'SystemStringSystemGuidToString', ID = '1264'
Method 'SystemStringSystemStringJoinCoreSystemCharpointerSystemInt32SystemObjectarray', ID = '1267'
Method 'SystemGlobalizationCultureInfoCosmosCore_PlugsSystemGlobalizationCultureInfoImplget_CurrentCulture', ID = '1269'
Method 'SystemStringCosmosCore_PlugsSystemStringImplToLowerSystemGlobalizationCultureInfo', ID = '1270'
Method 'SystemInt32CosmosCore_PlugsSystemStringImplCompareToSystemString', ID = '1271'
Method 'SystemVoidCosmosCoreIOPortBasectorSystemUInt16SystemUInt16', ID = '1272'
Method 'SystemVoidSystemCollectionsGenericList1CosmosHALPCIDeviceset_CapacitySystemInt32', ID = '1273'
Method 'SystemStringSystemSRGetResourceStringSystemString', ID = '1274'
Method 'SystemUInt16CosmosCore_AsmIOPortImplRead16SystemUInt16', ID = '1281'
Method 'SystemVoidSystemThrowHelperThrowArgumentNullExceptionSystemExceptionArgument', ID = '1282'
Method 'SystemVoidSystemThrowHelperThrowArgumentExceptionSystemExceptionResourceSystemExceptionArgument', ID = '1283'
Method 'SystemInt32SystemRuntimeCompilerServicesUnsafeReadUnalignedSystemInt32SystemByte', ID = '1284'
Method 'SystemVoidSystemCollectionsGenericList1CosmosHALBlockDeviceMBRPartInfoEnsureCapacitySystemInt32', ID = '1285'
Method 'SystemVoidSystemCollectionsGenericList1CosmosHALBlockDeviceEBRPartInfoEnsureCapacitySystemInt32', ID = '1286'
Method 'SystemVoidCosmosCore_AsmIOPortImplWrite16SystemUInt16SystemUInt16', ID = '1287'
Method 'SystemVoidCosmosCoreMemoryOperationsFillSystemBytepointerSystemByteSystemInt32', ID = '1289'
Method 'SystemVoidCosmosCoreMemoryBlock16set_ItemSystemUInt32SystemUInt16', ID = '1295'
Method 'SystemVoidCosmosHALBlockDevicePortsSATASendSATA48CommandCosmosHALBlockDeviceRegistersATACommandsSystemUInt64SystemUInt32', ID = '1296'
Method 'SystemVoidCosmosCoreMemoryBlockRead8SystemBytearray', ID = '1297'
Method 'SystemUInt32CosmosHALBlockDeviceRegistersPortRegistersget_SACT', ID = '1298'
Method 'SystemByteCosmosCoreMemoryBlock08get_ItemSystemUInt32', ID = '1299'
Method 'SystemUInt16CosmosCoreMemoryBlock16get_ItemSystemUInt32', ID = '1300'
Method 'SystemVoidCosmosHALBlockDeviceRegistersHBAPRDTEntryctorSystemUInt32SystemUInt32', ID = '1302'
Method 'SystemBooleanSystemStringIsNullOrWhiteSpaceSystemString', ID = '1305'
Method 'SystemBooleanSystemCharIsLatin1SystemChar', ID = '1306'
Method 'SystemGlobalizationUnicodeCategorySystemGlobalizationCharUnicodeInfoGetUnicodeCategorySystemChar', ID = '1307'
Method 'SystemVoidCosmosSystemScanMapsUS_StandardInitKeys', ID = '1308'
Method 'SystemVoidSystemArrayEmptyArray1CosmosSystemKeyEventcctor', ID = '1312'
Method 'SystemVoidSystemCollectionsGenericList1CosmosHALKeyboardBaseEnsureCapacitySystemInt32', ID = '1313'
Method 'SystemVoidSystemCollectionsGenericList1EnumeratorCosmosHALKeyboardBaseDispose', ID = '1314'
Method 'CosmosHALKeyboardBaseSystemCollectionsGenericList1EnumeratorCosmosHALKeyboardBaseget_Current', ID = '1315'
Method 'SystemBooleanSystemCollectionsGenericList1EnumeratorCosmosHALKeyboardBaseMoveNext', ID = '1316'
Method 'CosmosSystemKeyMappingSystemCollectionsGenericList1CosmosSystemKeyMappingget_ItemSystemInt32', ID = '1317'
Method 'SystemInt32SystemCollectionsGenericList1CosmosSystemKeyMappingget_Count', ID = '1319'
Method 'SystemCollectionsGenericList1EnumeratorCosmosHALKeyboardBaseSystemCollectionsGenericList1CosmosHALKeyboardBaseGetEnumerator', ID = '1320'
Method 'SystemBooleanCosmosSystemKeyboardManagerget_ShiftPressed', ID = '1325'
Method 'CosmosSystemKeyEventCosmosSystemScanMapBaseConvertScanCodeSystemByteSystemBooleanSystemBooleanSystemBooleanSystemBooleanSystemBooleanSystemBoolean', ID = '1326'
Method 'SystemVoidSystemCollectionsGenericQueue1CosmosSystemKeyEventEnqueueCosmosSystemKeyEvent', ID = '1327'
Method 'SystemByteCosmosHALTextScreenGetColor', ID = '1330'
Method 'SystemVoidCosmosCoreCPUReboot', ID = '1332'
Method 'CosmosSystemGraphicsCanvasCosmosSystemGraphicsFullScreenCanvasGetVideoDriver', ID = '1336'
Method 'SystemVoidSystemDrawingColorctorSystemDrawingKnownColor', ID = '1340'
Method 'SystemVoidCosmosSystemGraphicsPenctorSystemDrawingColorSystemInt32', ID = '1341'
Method 'SystemInt32CosmosSystemGraphicsModeget_Columns', ID = '1344'
Method 'SystemInt32CosmosSystemGraphicsModeget_Rows', ID = '1345'
Method 'SystemVoidSystemTextASCIIEncodingctor', ID = '1347'
Method 'SystemInt32SystemTextUTF8EncodingGetByteCountSystemString', ID = '1350'
Method 'SystemInt32SystemTextUTF8EncodingGetBytesSystemStringSystemInt32SystemInt32SystemBytearraySystemInt32', ID = '1351'
Method 'SystemInt32SystemTextUTF8EncodingGetByteCountSystemChararraySystemInt32SystemInt32', ID = '1352'
Method 'SystemInt32SystemTextUTF8EncodingGetBytesSystemChararraySystemInt32SystemInt32SystemBytearraySystemInt32', ID = '1353'
Method 'SystemVoidSystemTextUTF8EncodingctorSystemBooleanSystemBoolean', ID = '1354'
Method 'SystemTextEncoderFallbackSystemTextEncoderget_Fallback', ID = '1357'
Method 'SystemBooleanSystemTextEncoderget_InternalHasFallbackBuffer', ID = '1359'
Method 'SystemTextEncoderFallbackBufferSystemTextEncoderget_FallbackBuffer', ID = '1360'
Method 'SystemStringSystemSRget_Argument_EncoderFallbackNotEmpty', ID = '1362'
Method 'SystemStringSystemTextEncodingget_EncodingName', ID = '1363'
Method 'SystemStringSystemSRFormatSystemStringSystemObjectSystemObject', ID = '1364'
Method 'SystemVoidSystemArgumentExceptionctorSystemString', ID = '1365'
Method 'SystemVoidSystemTextEncoderFallbackBufferInternalInitializeSystemCharpointerSystemCharpointerSystemTextEncoderNLSSystemBoolean', ID = '1366'
Method 'SystemTextEncoderFallbackSystemTextEncodingget_EncoderFallback', ID = '1367'
Method 'SystemBooleanSystemTextEncoderFallbackBufferInternalFallbackSystemCharSystemCharpointer', ID = '1369'
Method 'SystemCharSystemTextEncoderFallbackBufferInternalGetNextChar', ID = '1371'
Method 'SystemBooleanSystemTextUTF8EncodingInRangeSystemInt32SystemInt32SystemInt32', ID = '1374'
Method 'SystemBooleanSystemTextEncoderNLSget_MustFlush', ID = '1375'
Method 'SystemInt32SystemTextUTF8EncodingPtrDiffSystemCharpointerSystemCharpointer', ID = '1376'
Method 'SystemInt32SystemTextASCIIEncodingGetByteCountSystemCharpointerSystemInt32', ID = '1377'
Method 'SystemInt32SystemTextUTF8EncodingGetByteCountSystemCharpointerSystemInt32', ID = '1378'
Method 'SystemStringSystemTextEncoderReplacementFallbackget_DefaultString', ID = '1379'
Method 'SystemVoidSystemTextEncodingThrowBytesOverflowSystemTextEncoderNLSSystemBoolean', ID = '1380'
Method 'SystemInt32SystemTextUTF8EncodingPtrDiffSystemBytepointerSystemBytepointer', ID = '1382'
Method 'SystemInt32SystemTextASCIIEncodingGetBytesSystemCharpointerSystemInt32SystemBytepointerSystemInt32', ID = '1383'
Method 'SystemInt32SystemTextUTF8EncodingGetBytesSystemCharpointerSystemInt32SystemBytepointerSystemInt32', ID = '1384'
Method 'SystemVoidCosmosCoreMemoryOperationsFillSystemUInt16pointerSystemUInt16SystemInt32', ID = '1386'
Method 'SystemStringSystemGuidToStringSystemStringSystemIFormatProvider', ID = '1388'
Method 'SystemTextStringBuilderSystemTextStringBuilderCacheAcquireSystemInt32', ID = '1389'
Method 'SystemTextStringBuilderSystemTextStringBuilderAppendSystemString', ID = '1390'
Method 'SystemTextStringBuilderSystemTextStringBuilderAppendSystemCharpointerSystemInt32', ID = '1391'
Method 'SystemStringSystemTextStringBuilderCacheGetStringAndReleaseSystemTextStringBuilder', ID = '1392'
Method 'SystemStringSystemGlobalizationCultureInfoToString', ID = '1394'
Method 'SystemStringCosmosCore_PlugsSystemStringImplChangeCasingSystemStringSystemInt32SystemInt32SystemInt32', ID = '1396'
Method 'SystemArgumentNullExceptionSystemThrowHelperGetArgumentNullExceptionSystemExceptionArgument', ID = '1397'
Method 'SystemArgumentExceptionSystemThrowHelperGetArgumentExceptionSystemExceptionResourceSystemExceptionArgument', ID = '1398'
Method 'SystemVoidSystemCollectionsGenericList1CosmosHALBlockDeviceMBRPartInfoset_CapacitySystemInt32', ID = '1400'
Method 'SystemVoidSystemCollectionsGenericList1CosmosHALBlockDeviceEBRPartInfoset_CapacitySystemInt32', ID = '1401'
Method 'SystemVoidCosmosHALBlockDeviceRegistersFISRegisterH2Dset_LBA3SystemByte', ID = '1404'
Method 'SystemVoidCosmosHALBlockDeviceRegistersFISRegisterH2Dset_LBA4SystemByte', ID = '1405'
Method 'SystemVoidCosmosHALBlockDeviceRegistersFISRegisterH2Dset_LBA5SystemByte', ID = '1406'
Method 'SystemVoidCosmosHALBlockDeviceRegistersFISRegisterH2Dset_CountHSystemByte', ID = '1407'
Method 'SystemBooleanSystemCharIsWhiteSpaceSystemChar', ID = '1408'
Method 'SystemGlobalizationUnicodeCategorySystemGlobalizationCharUnicodeInfoInternalGetUnicodeCategorySystemInt32', ID = '1411'
Method 'SystemVoidSystemCollectionsGenericList1CosmosSystemKeyMappingctorSystemInt32', ID = '1412'
Method 'SystemVoidCosmosSystemKeyMappingctorSystemByteCosmosSystemConsoleKeyEx', ID = '1413'
Method 'SystemVoidSystemCollectionsGenericList1CosmosSystemKeyMappingAddCosmosSystemKeyMapping', ID = '1414'
Method 'SystemVoidCosmosSystemKeyMappingctorSystemByteSystemCharSystemCharSystemCharSystemCharSystemCharSystemCharCosmosSystemConsoleKeyEx', ID = '1415'
Method 'SystemVoidCosmosSystemKeyMappingctorSystemByteSystemCharCosmosSystemConsoleKeyEx', ID = '1416'
Method 'SystemVoidCosmosSystemKeyMappingctorSystemByteSystemCharSystemCharSystemCharSystemCharSystemCharSystemCharCosmosSystemConsoleKeyExCosmosSystemConsoleKeyEx', ID = '1417'
Method 'SystemVoidSystemCollectionsGenericList1CosmosHALKeyboardBaseset_CapacitySystemInt32', ID = '1418'
Method 'SystemBooleanSystemCollectionsGenericList1EnumeratorCosmosHALKeyboardBaseMoveNextRare', ID = '1419'
Method 'SystemVoidCosmosSystemKeyEventctor', ID = '1421'
Method 'SystemConsoleModifiersCosmosSystemKeyEventget_Modifiers', ID = '1422'
Method 'SystemVoidCosmosSystemKeyEventset_ModifiersSystemConsoleModifiers', ID = '1423'
Method 'SystemVoidCosmosSystemKeyEventset_TypeCosmosSystemKeyEventKeyEventType', ID = '1424'
Method 'SystemVoidCosmosSystemKeyEventset_KeyCharSystemChar', ID = '1425'
Method 'SystemVoidCosmosSystemKeyEventset_KeyCosmosSystemConsoleKeyEx', ID = '1426'
Method 'SystemVoidSystemCollectionsGenericQueue1CosmosSystemKeyEventSetCapacitySystemInt32', ID = '1427'
Method 'SystemVoidCosmosSystemGraphicsFullScreenCanvascctor', ID = '1429'
Method 'SystemBooleanCosmosSystemGraphicsFullScreenCanvasSVGAIIExist', ID = '1430'
Method 'SystemVoidCosmosSystemGraphicsSVGAIIScreenctor', ID = '1431'
Method 'SystemVoidCosmosSystemGraphicsVBEScreenctor', ID = '1432'
Method 'SystemVoidSystemDrawingColorcctor', ID = '1434'
Method 'SystemStringSystemDrawingColorToString', ID = '1435'
Method 'SystemVoidSystemTextEncodingctorSystemInt32', ID = '1439'
Method 'SystemVoidCosmosCore_PlugsSystemBufferImpl__MemmoveSystemBytepointerSystemBytepointerSystemUInt32', ID = '1440'
Method 'SystemVoidSystemTextUTF8Encodingcctor', ID = '1441'
Method 'SystemVoidSystemTextEncodingSetDefaultFallbacks', ID = '1442'
Method 'SystemTextEncoderFallbackSystemTextEncoderFallbackget_ReplacementFallback', ID = '1444'
Method 'SystemInt32SystemTextEncoderReplacementFallbackget_MaxCharCount', ID = '1445'
Method 'SystemBooleanSystemCharIsHighSurrogateSystemChar', ID = '1447'
Method 'SystemBooleanSystemCharIsLowSurrogateSystemChar', ID = '1448'
Method 'SystemInt32SystemCharConvertToUtf32SystemCharSystemChar', ID = '1449'
Method 'SystemVoidSystemTextEncoderFallbackBufferThrowLastCharRecursiveSystemInt32', ID = '1450'
Method 'SystemTextEncoderFallbackBufferSystemTextEncoderReplacementFallbackCreateFallbackBuffer', ID = '1453'
Method 'SystemTextEncoderFallbackBufferCosmosCore_PlugsSystemTextEncoderFallbackImplCreateFallbackBuffer', ID = '1454'
Method 'SystemVoidSystemTextEncoderFallbackBufferInternalReset', ID = '1456'
Method 'SystemVoidSystemTextEncodingThrowBytesOverflow', ID = '1457'
Method 'SystemVoidSystemTextEncoderNLSClearMustFlush', ID = '1458'
Method 'SystemVoidCosmosCore_PlugsMemoryOperationsMemoryOperationsImplCopySystemBytepointerSystemBytepointerSystemInt32', ID = '1459'
Method 'SystemStringSystemSRget_Format_InvalidGuidFormatSpecification', ID = '1461'
Method 'SystemInt32SystemGuidHexsToCharsSystemCharpointerSystemInt32SystemInt32', ID = '1462'
Method 'SystemInt32SystemGuidHexsToCharsHexOutputSystemCharpointerSystemInt32SystemInt32', ID = '1463'
Method 'SystemInt32SystemTextStringBuilderget_Capacity', ID = '1467'
Method 'SystemTextStringBuilderSystemTextStringBuilderClear', ID = '1468'
Method 'SystemVoidSystemTextStringBuilderctorSystemInt32', ID = '1469'
Method 'SystemVoidSystemTextStringBuilderAppendHelperSystemString', ID = '1470'
Method 'SystemStringSystemSRget_ArgumentOutOfRange_NegativeCount', ID = '1471'
Method 'SystemInt32SystemTextStringBuilderget_Length', ID = '1472'
Method 'SystemStringSystemSRget_ArgumentOutOfRange_LengthGreaterThanCapacity', ID = '1473'
Method 'SystemVoidSystemTextStringBuilderThreadSafeCopySystemCharpointerSystemChararraySystemInt32SystemInt32', ID = '1474'
Method 'SystemVoidSystemTextStringBuilderExpandByABlockSystemInt32', ID = '1475'
Method 'SystemVoidSystemTextStringBuilderCacheReleaseSystemTextStringBuilder', ID = '1476'
Method 'SystemVoidCosmosCore_PlugsSystemGlobalizationCultureInfoImplCCtor', ID = '1477'
Method 'SystemVoidCosmosCore_PlugsMemoryOperationsMemoryOperationsImplFillSystemBytepointerSystemInt32SystemInt32', ID = '1478'
Method 'SystemBooleanSystemCharIsWhiteSpaceLatin1SystemChar', ID = '1479'
Method 'SystemBooleanSystemGlobalizationCharUnicodeInfoIsWhiteSpaceSystemChar', ID = '1480'
Method 'SystemByteSystemGlobalizationCharUnicodeInfoInternalGetCategoryValueSystemInt32SystemInt32', ID = '1482'
Method 'SystemVoidSystemCollectionsGenericList1CosmosSystemKeyMappingAddWithResizeCosmosSystemKeyMapping', ID = '1484'
Method 'SystemVoidCosmosSystemKeyMappingctorSystemByteSystemCharSystemCharSystemCharSystemCharSystemCharSystemCharSystemCharSystemCharSystemCharSystemCharCosmosSystemConsoleKeyEx', ID = '1485'
Method 'SystemVoidCosmosSystemKeyMappingctorSystemByteSystemCharSystemCharSystemCharSystemCharSystemCharSystemCharSystemCharCosmosSystemConsoleKeyExCosmosSystemConsoleKeyEx', ID = '1486'
Method 'SystemVoidSystemCollectionsGenericList1CosmosSystemKeyMappingcctor', ID = '1487'
Method 'CosmosHALPCIDeviceCosmosHALPCIGetDeviceCosmosHALVendorIDCosmosHALDeviceID', ID = '1495'
Method 'SystemVoidCosmosSystemGraphicsSVGAIIScreenctorCosmosSystemGraphicsMode', ID = '1499'
Method 'SystemVoidCosmosSystemGraphicsVBEScreenctorCosmosSystemGraphicsMode', ID = '1502'
Method 'SystemStringCosmosSystemGraphicsModeToString', ID = '1503'
Method 'SystemStringSystemDrawingColorget_Name', ID = '1504'
Method 'SystemByteSystemDrawingColorget_A', ID = '1505'
Method 'SystemByteSystemDrawingColorget_R', ID = '1506'
Method 'SystemByteSystemDrawingColorget_G', ID = '1507'
Method 'SystemByteSystemDrawingColorget_B', ID = '1508'
Method 'SystemStringSystemStringConcatSystemStringarray', ID = '1509'
Method 'SystemStringCosmosSystemGraphicsPenToString', ID = '1510'
Method 'SystemVoidSystemTextASCIIEncodingSetDefaultFallbacks', ID = '1513'
Method 'SystemVoidSystemTextUTF8EncodingSetDefaultFallbacks', ID = '1514'
Method 'SystemVoidSystemTextInternalEncoderBestFitFallbackctorSystemTextEncoding', ID = '1515'
Method 'SystemVoidSystemTextInternalDecoderBestFitFallbackctorSystemTextEncoding', ID = '1516'
Method 'SystemVoidSystemThreadingMonitorEnterSystemObjectSystemBoolean', ID = '1519'
Method 'SystemVoidSystemTextEncoderReplacementFallbackctor', ID = '1520'
Method 'SystemStringSystemSRget_ArgumentOutOfRange_InvalidHighSurrogate', ID = '1522'
Method 'SystemStringSystemSRget_ArgumentOutOfRange_InvalidLowSurrogate', ID = '1523'
Method 'SystemStringSystemSRget_Argument_RecursiveFallback', ID = '1524'
Method 'SystemVoidSystemTextEncoderReplacementFallbackBufferctorSystemTextEncoderReplacementFallback', ID = '1525'
Method 'SystemVoidSystemTextEncoderFallbackBufferReset', ID = '1527'
Method 'SystemStringSystemSRget_Argument_EncodingConversionOverflowBytes', ID = '1528'
Method 'SystemVoidCosmosCore_PlugsMemoryOperationsMemoryOperationsImplCopyTinySystemBytepointerSystemBytepointerSystemInt32', ID = '1530'
Method 'SystemInt32SystemMathDivRemSystemInt32SystemInt32SystemInt32', ID = '1531'
Method 'SystemVoidCosmosCore_PlugsMemoryOperationsMemoryOperationsImplCopy128BlocksSystemBytepointerSystemBytepointerSystemInt32', ID = '1532'
Method 'SystemCharSystemGuidHexToCharSystemInt32', ID = '1533'
Method 'SystemStringSystemTextStringBuilderToString', ID = '1534'
Method 'SystemVoidSystemTextStringBuilderset_LengthSystemInt32', ID = '1535'
Method 'SystemVoidSystemTextStringBuilderctorSystemInt32SystemInt32', ID = '1536'
Method 'SystemStringSystemSRget_ArgumentOutOfRange_SmallCapacity', ID = '1537'
Method 'SystemInt32SystemMathMinSystemInt32SystemInt32', ID = '1538'
Method 'SystemInt32SystemMathMaxSystemInt32SystemInt32', ID = '1539'
Method 'SystemVoidSystemTextStringBuilderctorSystemTextStringBuilder', ID = '1540'
Method 'SystemVoidCosmosCore_PlugsMemoryOperationsMemoryOperationsImplFill16BlocksSystemBytepointerSystemInt32SystemInt32', ID = '1541'
Method 'SystemVoidCosmosCore_PlugsSystemCharUnicodeInfoImplCctor', ID = '1542'
Method 'SystemVoidSystemCollectionsGenericList1CosmosSystemKeyMappingEnsureCapacitySystemInt32', ID = '1545'
Method 'SystemVoidCosmosSystemKeyMappingctorSystemByteSystemCharSystemCharSystemCharSystemCharSystemCharSystemCharSystemCharSystemCharSystemCharSystemCharCosmosSystemConsoleKeyExCosmosSystemConsoleKeyEx', ID = '1546'
Method 'SystemVoidCosmosSystemGraphicsSVGAIIScreencctor', ID = '1549'
Method 'SystemVoidCosmosSystemGraphicsSVGAIIScreenClearSystemDrawingColor', ID = '1550'
Method 'CosmosSystemGraphicsModeCosmosSystemGraphicsSVGAIIScreenget_DefaultGraphicMode', ID = '1551'
Method 'SystemVoidCosmosSystemGraphicsSVGAIIScreenset_ModeCosmosSystemGraphicsMode', ID = '1552'
Method 'SystemVoidCosmosSystemGraphicsSVGAIIScreenDrawPointCosmosSystemGraphicsPenSystemInt32SystemInt32', ID = '1553'
Method 'CosmosSystemGraphicsModeCosmosSystemGraphicsSVGAIIScreenget_Mode', ID = '1554'
Method 'SystemVoidSystemCollectionsGenericList1CosmosSystemGraphicsModector', ID = '1555'
Method 'SystemVoidCosmosSystemGraphicsModectorSystemInt32SystemInt32CosmosSystemGraphicsColorDepth', ID = '1556'
Method 'SystemVoidSystemCollectionsGenericList1CosmosSystemGraphicsModeAddCosmosSystemGraphicsMode', ID = '1557'
Method 'SystemVoidCosmosSystemGraphicsCanvasctor', ID = '1558'
Method 'SystemVoidCosmosSystemGraphicsCanvasThrowIfModeIsNotValidCosmosSystemGraphicsMode', ID = '1559'
Method 'SystemVoidCosmosHALDriversPCIVideoVMWareSVGAIIctor', ID = '1560'
Method 'SystemVoidCosmosSystemGraphicsVBEScreencctor', ID = '1561'
Method 'SystemVoidCosmosSystemGraphicsVBEScreenClearSystemDrawingColor', ID = '1562'
Method 'CosmosSystemGraphicsModeCosmosSystemGraphicsVBEScreenget_DefaultGraphicMode', ID = '1563'
Method 'SystemVoidCosmosSystemGraphicsVBEScreenset_ModeCosmosSystemGraphicsMode', ID = '1564'
Method 'SystemVoidCosmosSystemGraphicsVBEScreenDrawPointCosmosSystemGraphicsPenSystemInt32SystemInt32', ID = '1565'
Method 'CosmosSystemGraphicsModeCosmosSystemGraphicsVBEScreenget_Mode', ID = '1566'
Method 'CosmosSystemGraphicsColorDepthCosmosSystemGraphicsModeget_ColorDepth', ID = '1567'
Method 'SystemVoidCosmosHALDriversVBEDriverctorSystemUInt16SystemUInt16SystemUInt16', ID = '1568'
Method 'SystemBooleanSystemDrawingColorget_IsKnownColor', ID = '1570'
Method 'SystemStringSystemDrawingKnownColorTableKnownColorToNameSystemDrawingKnownColor', ID = '1571'
Method 'SystemInt64SystemDrawingColorget_Value', ID = '1573'
Method 'SystemObjectSystemArrayClone', ID = '1574'
Method 'SystemTextDecoderFallbackSystemTextDecoderFallbackget_ReplacementFallback', ID = '1575'
Method 'SystemTextEncoderFallbackSystemTextEncoderFallbackget_ExceptionFallback', ID = '1576'
Method 'SystemTextDecoderFallbackSystemTextDecoderFallbackget_ExceptionFallback', ID = '1577'
Method 'SystemVoidSystemTextEncoderReplacementFallbackctorSystemString', ID = '1578'
Method 'SystemVoidSystemTextDecoderReplacementFallbackctorSystemString', ID = '1579'
Method 'SystemVoidSystemTextEncoderFallbackctor', ID = '1581'
Method 'SystemVoidSystemTextDecoderFallbackctor', ID = '1583'
Method 'SystemObjectCosmosCore_PlugsSystemTextEncoderFallbackImplget_InternalSyncObject', ID = '1585'
Method 'SystemVoidSystemThreadingMonitorThrowLockTakenException', ID = '1588'
Method 'SystemVoidCosmosCore_PlugsSystemThreadingMonitorImplExitSystemObject', ID = '1590'
Method 'SystemVoidSystemTextEncoderFallbackBufferctor', ID = '1592'
Method 'SystemVoidSystemTextEncoderReplacementFallbackBufferReset', ID = '1593'
Method 'SystemVoidCosmosCore_PlugsMemoryOperationsMemoryOperationsImplCopy64BytesSystemBytepointerSystemBytepointer', ID = '1594'
Method 'SystemVoidCosmosCore_PlugsMemoryOperationsMemoryOperationsImplCopy16BytesSystemBytepointerSystemBytepointer', ID = '1595'
Method 'SystemVoidCosmosCore_PlugsMemoryOperationsMemoryOperationsImplCopy32BytesSystemBytepointerSystemBytepointer', ID = '1596'
Method 'SystemVoidCosmosCore_PlugsMemoryOperationsMemoryOperationsImplCopy128BytesSystemBytepointerSystemBytepointer', ID = '1597'
Method 'SystemInt32SystemTextStringBuilderget_MaxCapacity', ID = '1599'
Method 'SystemTextStringBuilderSystemTextStringBuilderAppendSystemCharSystemInt32', ID = '1600'
Method 'SystemTextStringBuilderSystemTextStringBuilderFindChunkForIndexSystemInt32', ID = '1601'
Method 'SystemStringSystemSRget_ArgumentOutOfRange_Capacity', ID = '1602'
Method 'SystemStringSystemSRget_ArgumentOutOfRange_SmallMaxCapacity', ID = '1603'
Method 'SystemStringSystemSRget_ArgumentOutOfRange_MustBePositive', ID = '1604'
Method 'SystemVoidSystemCollectionsGenericList1CosmosSystemKeyMappingset_CapacitySystemInt32', ID = '1606'
Method 'SystemInt32SystemDrawingColorToArgb', ID = '1608'
Method 'SystemVoidCosmosHALDriversPCIVideoVMWareSVGAIIFillSystemUInt32SystemUInt32SystemUInt32SystemUInt32SystemUInt32', ID = '1609'
Method 'SystemVoidCosmosSystemGraphicsSVGAIIScreenSetGraphicsModeCosmosSystemGraphicsMode', ID = '1610'
Method 'SystemDrawingColorCosmosSystemGraphicsPenget_Color', ID = '1611'
Method 'SystemVoidCosmosHALDriversPCIVideoVMWareSVGAIISetPixelSystemUInt32SystemUInt32SystemUInt32', ID = '1612'
Method 'SystemVoidCosmosHALDriversPCIVideoVMWareSVGAIIUpdateSystemUInt32SystemUInt32SystemUInt32SystemUInt32', ID = '1613'
Method 'SystemVoidSystemCollectionsGenericList1CosmosSystemGraphicsModeAddWithResizeCosmosSystemGraphicsMode', ID = '1617'
Method 'SystemBooleanCosmosSystemGraphicsCanvasCheckIfModeIsValidCosmosSystemGraphicsMode', ID = '1618'
Method 'SystemVoidCosmosHALDriversPCIVideoVMWareSVGAIIWriteRegisterCosmosHALDriversPCIVideoVMWareSVGAIIRegisterSystemUInt32', ID = '1620'
Method 'SystemUInt32CosmosHALDriversPCIVideoVMWareSVGAIIReadRegisterCosmosHALDriversPCIVideoVMWareSVGAIIRegister', ID = '1621'
Method 'SystemVoidCosmosHALDriversPCIVideoVMWareSVGAIIInitializeFIFO', ID = '1622'
Method 'SystemVoidCosmosHALDriversVBEDriverClearVRAMSystemUInt32', ID = '1623'
Method 'SystemVoidCosmosSystemGraphicsVBEScreenSetModeCosmosSystemGraphicsMode', ID = '1624'
Method 'SystemInt32CosmosSystemGraphicsVBEScreenGetPointOffsetSystemInt32SystemInt32', ID = '1625'
Method 'SystemVoidCosmosHALDriversVBEDriverSetVRAMSystemUInt32SystemUInt32', ID = '1626'
Method 'SystemVoidCosmosHALDriversVBEDriverVBESetSystemUInt16SystemUInt16SystemUInt16', ID = '1628'
Method 'SystemStringCosmosCore_PlugsSystemStringImplFormatSystemStringSystemObjectSystemObjectSystemObject', ID = '1629'
Method 'SystemVoidSystemDrawingKnownColorTableEnsureColorNameTable', ID = '1631'
Method 'SystemStringCosmosSystem_PlugsSystemConvertImplToStringSystemInt64SystemInt32', ID = '1634'
Method 'SystemInt32SystemDrawingKnownColorTableKnownColorToArgbSystemDrawingKnownColor', ID = '1635'
Method 'SystemVoidSystemTextDecoderReplacementFallbackctor', ID = '1639'
Method 'SystemVoidSystemTextEncoderExceptionFallbackctor', ID = '1641'
Method 'SystemVoidSystemTextDecoderExceptionFallbackctor', ID = '1643'
Method 'SystemBooleanSystemCharIsSurrogateSystemStringSystemInt32', ID = '1644'
Method 'SystemBooleanSystemCharIsHighSurrogateSystemStringSystemInt32', ID = '1645'
Method 'SystemStringSystemSRget_Argument_InvalidCharSequenceNoIndex', ID = '1646'
Method 'SystemInt32SystemTextInternalEncoderBestFitFallbackget_MaxCharCount', ID = '1648'
Method 'SystemStringSystemSRget_Argument_MustBeFalse', ID = '1650'
Method 'SystemVoidCosmosCore_PlugsSystemThreadingMonitorImplReliableEnterSystemObjectSystemBoolean', ID = '1651'
Method 'SystemInt32SystemTextEncoderReplacementFallbackBufferget_Remaining', ID = '1653'
Method 'SystemBooleanSystemTextEncoderReplacementFallbackBufferMovePrevious', ID = '1654'
Method 'SystemBooleanSystemTextEncoderReplacementFallbackBufferFallbackSystemCharSystemCharSystemInt32', ID = '1655'
Method 'SystemBooleanSystemTextEncoderReplacementFallbackBufferFallbackSystemCharSystemInt32', ID = '1656'
Method 'SystemCharSystemTextEncoderReplacementFallbackBufferGetNextChar', ID = '1657'
Method 'SystemVoidSystemMathcctor', ID = '1658'
Method 'SystemVoidCosmosHALDriversPCIVideoVMWareSVGAIIWriteToFifoSystemUInt32', ID = '1659'
Method 'SystemVoidCosmosHALDriversPCIVideoVMWareSVGAIIWaitForFifo', ID = '1660'
Method 'SystemVoidCosmosHALDriversPCIVideoVMWareSVGAIICopySystemUInt32SystemUInt32SystemUInt32SystemUInt32SystemUInt32SystemUInt32', ID = '1661'
Method 'SystemVoidCosmosHALDriversPCIVideoVMWareSVGAIISetModeSystemUInt32SystemUInt32SystemUInt32', ID = '1662'
Method 'SystemVoidSystemCollectionsGenericList1CosmosSystemGraphicsModecctor', ID = '1663'
Method 'SystemVoidSystemCollectionsGenericList1CosmosSystemGraphicsModeEnsureCapacitySystemInt32', ID = '1669'
Method 'SystemCollectionsGenericList1EnumeratorCosmosSystemGraphicsModeSystemCollectionsGenericList1CosmosSystemGraphicsModeGetEnumerator', ID = '1671'
Method 'CosmosSystemGraphicsModeSystemCollectionsGenericList1EnumeratorCosmosSystemGraphicsModeget_Current', ID = '1672'
Method 'SystemBooleanCosmosSystemGraphicsModeop_EqualityCosmosSystemGraphicsModeCosmosSystemGraphicsMode', ID = '1673'
Method 'SystemBooleanSystemCollectionsGenericList1EnumeratorCosmosSystemGraphicsModeMoveNext', ID = '1674'
Method 'SystemVoidCosmosCoreMemoryBlockFillSystemUInt32', ID = '1677'
Method 'SystemVoidCosmosCoreMemoryBlock32set_ItemSystemUInt32SystemUInt32', ID = '1678'
Method 'SystemVoidCosmosHALDriversVBEDriverDisableDisplay', ID = '1679'
Method 'SystemVoidCosmosHALDriversVBEDriverSetXResolutionSystemUInt16', ID = '1680'
Method 'SystemVoidCosmosHALDriversVBEDriverSetYResolutionSystemUInt16', ID = '1681'
Method 'SystemVoidCosmosHALDriversVBEDriverSetDisplayBPPSystemUInt16', ID = '1682'
Method 'SystemVoidCosmosHALDriversVBEDriverEnableDisplayCosmosHALDriversVBEDriverEnableValues', ID = '1683'
Method 'SystemVoidSystemDrawingKnownColorTableInitColorNameTable', ID = '1684'
Method 'SystemVoidSystemConvertcctor', ID = '1685'
Method 'SystemVoidSystemDrawingKnownColorTableEnsureColorTable', ID = '1688'
Method 'SystemUInt64CosmosCore_PlugsSystemObjectImplMemberwiseClone', ID = '1690'
Method 'SystemObjectCosmosCore_PlugsSystemTextDecoderFallbackImplget_InternalSyncObject', ID = '1691'
Method 'SystemBooleanSystemCharIsSurrogateSystemChar', ID = '1694'
Method 'SystemTextEncoderFallbackBufferCosmosCore_PlugsSystemTextInternalEncoderBestFitFallbackImplCreateFallbackBuffer', ID = '1695'
Method 'SystemStringSystemSRget_ArgumentOutOfRange_Range', ID = '1696'
Method 'SystemUInt32CosmosHALDriversPCIVideoVMWareSVGAIIGetFIFOCosmosHALDriversPCIVideoVMWareSVGAIIFIFO', ID = '1700'
Method 'SystemUInt32CosmosHALDriversPCIVideoVMWareSVGAIISetFIFOCosmosHALDriversPCIVideoVMWareSVGAIIFIFOSystemUInt32', ID = '1701'
Method 'SystemVoidSystemCollectionsGenericList1CosmosSystemGraphicsModeset_CapacitySystemInt32', ID = '1702'
Method 'SystemCollectionsGenericList1CosmosSystemGraphicsModeCosmosSystemGraphicsSVGAIIScreenget_AvailableModes', ID = '1703'
Method 'SystemCollectionsGenericList1CosmosSystemGraphicsModeCosmosSystemGraphicsVBEScreenget_AvailableModes', ID = '1704'
Method 'SystemVoidSystemCollectionsGenericList1EnumeratorCosmosSystemGraphicsModectorSystemCollectionsGenericList1CosmosSystemGraphicsMode', ID = '1705'
Method 'SystemBooleanCosmosSystemGraphicsModeEqualsCosmosSystemGraphicsMode', ID = '1706'
Method 'SystemBooleanSystemCollectionsGenericList1EnumeratorCosmosSystemGraphicsModeMoveNextRare', ID = '1707'
Method 'SystemVoidSystemCollectionsGenericList1EnumeratorCosmosSystemGraphicsModeDispose', ID = '1708'
Method 'SystemVoidCosmosCoreMemoryBlockFillSystemUInt32SystemUInt32SystemUInt32', ID = '1710'
Method 'SystemVoidCosmosHALDriversVBEDriverWriteCosmosHALDriversVBEDriverRegisterIndexSystemUInt16', ID = '1711'
Method 'SystemVoidCosmosSystem_PlugsSystemConvertImplcctor', ID = '1727'
Method 'SystemVoidSystemDrawingKnownColorTableInitColorTable', ID = '1728'
Method 'SystemInt32SystemTextEncoderExceptionFallbackget_MaxCharCount', ID = '1730'
Method 'SystemTextEncoderFallbackBufferSystemTextEncoderExceptionFallbackCreateFallbackBuffer', ID = '1731'
Method 'SystemVoidCosmosCoreMemoryOperationsFillSystemUInt32pointerSystemUInt32SystemInt32', ID = '1734'
Method 'SystemVoidSystemEmptycctor', ID = '1736'
Method 'SystemStringSystemEmptyToString', ID = '1737'
Method 'SystemTypeCosmosCore_PlugsSystemTypeImplGetTypeFromHandleSystemUInt64', ID = '1739'
Method 'SystemVoidSystemDBNullcctor', ID = '1740'
Method 'SystemStringSystemDBNullToString', ID = '1741'
Method 'SystemVoidSystemSinglecctor', ID = '1748'
Method 'SystemVoidSystemDecimalcctor', ID = '1752'
Method 'SystemVoidSystemDateTimecctor', ID = '1757'
Method 'SystemVoidSystemTextEncoderExceptionFallbackBufferctor', ID = '1762'
Method 'SystemVoidSystemEmptyctor', ID = '1763'
Method 'SystemVoidSystemDBNullctor', ID = '1765'
Method 'SystemStringCosmosSystem_PlugsSystemSByteImplToString', ID = '1766'
Method 'SystemStringCosmosSystem_PlugsSystemInt16ImplToString', ID = '1767'
Method 'SystemSingleSystemBitConverterInt32BitsToSingleSystemInt32', ID = '1768'
Method 'SystemStringCosmosSystem_PlugsSystemSingleImplToString', ID = '1770'
Method 'SystemVoidSystemDecimalctorSystemInt32', ID = '1773'
Method 'SystemVoidSystemDecimalctorSystemInt32SystemInt32SystemInt32SystemBooleanSystemByte', ID = '1777'
Method 'SystemInt32CosmosSystem_PlugsSystemDecimalImplToString', ID = '1782'
Method 'SystemVoidSystemDateTimectorSystemInt64SystemDateTimeKind', ID = '1787'
Method 'SystemStringCosmosSystem_PlugsSystemDateTimeImplToString', ID = '1790'
Method 'SystemStringCosmosCommonStringHelperGetNumberStringSystemSingle', ID = '1798'
Method 'SystemStringSystemSRget_ArgumentOutOfRange_DecimalScale', ID = '1799'
Method 'SystemStringSystemSRget_ArgumentOutOfRange_DateTimeBadTicks', ID = '1803'
Method 'SystemStringSystemSRget_Argument_InvalidDateTimeKind', ID = '1804'
Method 'SystemInt32SystemTextEncoderExceptionFallbackBufferget_Remaining', ID = '1809'
Method 'SystemBooleanSystemTextEncoderExceptionFallbackBufferMovePrevious', ID = '1810'
Method 'SystemBooleanSystemTextEncoderExceptionFallbackBufferFallbackSystemCharSystemCharSystemInt32', ID = '1811'
Method 'SystemBooleanSystemTextEncoderExceptionFallbackBufferFallbackSystemCharSystemInt32', ID = '1812'
Method 'SystemCharSystemTextEncoderExceptionFallbackBufferGetNextChar', ID = '1813'
Method 'SystemBytearraySystemBitConverterGetBytesSystemSingle', ID = '1814'
Method 'SystemInt32SystemBitConverterToInt32SystemBytearraySystemInt32', ID = '1815'
Method 'SystemVoidCosmosSystem_PlugsSystemDateTimeImplcctor', ID = '1816'
Method 'SystemStringCosmosSystem_PlugsSystemDateTimeImplToShortDateString', ID = '1817'
Method 'SystemStringCosmosSystem_PlugsSystemDateTimeImplToLongTimeString', ID = '1818'
Method 'SystemStringSystemSRget_Argument_InvalidCodePageConversionIndex', ID = '1819'
Method 'SystemVoidSystemTextEncoderFallbackExceptionctorSystemStringSystemCharSystemCharSystemInt32', ID = '1820'
Method 'SystemVoidSystemTextEncoderFallbackExceptionctorSystemStringSystemCharSystemInt32', ID = '1821'
Method 'SystemSingleSystemRuntimeCompilerServicesUnsafeAsSystemByteSystemSingleSystemByte', ID = '1822'
Method 'SystemInt32SystemDateTimeget_Month', ID = '1825'
Method 'SystemInt32SystemDateTimeget_Day', ID = '1826'
Method 'SystemInt32SystemDateTimeget_Year', ID = '1827'
Method 'SystemInt32SystemDateTimeget_Hour', ID = '1828'
Method 'SystemInt32SystemDateTimeget_Minute', ID = '1829'
Method 'SystemInt32SystemDateTimeget_Second', ID = '1830'
Method 'SystemInt32SystemDateTimeGetDatePartSystemInt32', ID = '1832'
Method 'SystemInt64SystemDateTimeget_InternalTicks', ID = '1833'
